Using pre-set license
Built from '2020.3/release' branch; Version is '2020.3.1f1 (77a89f25062f) revision 7841951'; Using compiler version '192528614'; Build Type 'Release'
OS: 'Windows 10 Home; OS build 19042.867; Version 2009; 64bit' Language: 'en' Physical Memory: 16100 MB
BatchMode: 1, IsHumanControllingUs: 0, StartBugReporterOnCrash: 0, Is64bit: 1, IsPro: 0

 COMMAND LINE ARGUMENTS:
C:\Program Files\Unity\Hub\Editor\2020.3.1f1\Editor\Unity.exe
-adb2
-batchMode
-noUpm
-name
AssetImportWorker1
-projectPath
D:/Projects/ARGame
-logFile
Logs/AssetImportWorker1.log
-srvPort
50842
Successfully changed project path to: D:/Projects/ARGame
D:/Projects/ARGame
Using Asset Import Pipeline V2.
Refreshing native plugins compatible for Editor in 292.78 ms, found 0 plugins.
Preloading 0 native plugins for Editor in 0.00 ms.
Initialize engine version: 2020.3.1f1 (77a89f25062f)
[Subsystems] Discovering subsystems at path C:/Program Files/Unity/Hub/Editor/2020.3.1f1/Editor/Data/Resources/UnitySubsystems
[Subsystems] Discovering subsystems at path D:/Projects/ARGame/Assets
GfxDevice: creating device client; threaded=0
Direct3D:
    Version:  Direct3D 11.0 [level 11.1]
    Renderer: NVIDIA GeForce MX350 (ID=0x1c94)
    Vendor:   
    VRAM:     1979 MB
    Driver:   26.21.14.4137
Initialize mono
Mono path[0] = 'C:/Program Files/Unity/Hub/Editor/2020.3.1f1/Editor/Data/Managed'
Mono path[1] = 'C:/Program Files/Unity/Hub/Editor/2020.3.1f1/Editor/Data/MonoBleedingEdge/lib/mono/unityjit'
Mono config path = 'C:/Program Files/Unity/Hub/Editor/2020.3.1f1/Editor/Data/MonoBleedingEdge/etc'
Using monoOptions --debugger-agent=transport=dt_socket,embedding=1,server=y,suspend=n,address=127.0.0.1:56264
Begin MonoManager ReloadAssembly
Registering precompiled unity dll's ...
Register platform support module: C:/Program Files/Unity/Hub/Editor/2020.3.1f1/Editor/Data/PlaybackEngines/WindowsStandaloneSupport/UnityEditor.WindowsStandalone.Extensions.dll
Registered in 0.011012 seconds.
Native extension for WindowsStandalone target not found
Refreshing native plugins compatible for Editor in 96.52 ms, found 0 plugins.
Preloading 0 native plugins for Editor in 0.00 ms.
Invoked RoslynAnalysisRunner static constructor.
RoslynAnalysisRunner will not be running.
RoslynAnalysisRunner has terminated.
Mono: successfully reloaded assembly
- Completed reload, in 13.502 seconds
Platform modules already initialized, skipping
Registering precompiled user dll's ...
Registered in 0.001782 seconds.
Begin MonoManager ReloadAssembly
Native extension for WindowsStandalone target not found
Refreshing native plugins compatible for Editor in 0.80 ms, found 0 plugins.
Preloading 0 native plugins for Editor in 0.00 ms.
Invoked RoslynAnalysisRunner static constructor.
RoslynAnalysisRunner will not be running.
RoslynAnalysisRunner has terminated.
Mono: successfully reloaded assembly
- Completed reload, in  2.331 seconds
Platform modules already initialized, skipping
========================================================================
Worker process is ready to serve import requests
Launched and connected shader compiler UnityShaderCompiler.exe after 0.14 seconds
Refreshing native plugins compatible for Editor in 0.66 ms, found 0 plugins.
Preloading 0 native plugins for Editor in 0.00 ms.
Unloading 1440 Unused Serialized files (Serialized files now loaded: 0)
System memory in use before: 67.6 MB.
System memory in use after: 67.6 MB.

Unloading 12 unused Assets to reduce memory usage. Loaded Objects now: 1887.
Total: 9.690100 ms (FindLiveObjects: 0.474800 ms CreateObjectMapping: 0.158600 ms MarkObjects: 8.433900 ms  DeleteObjects: 0.619800 ms)

========================================================================
Received Import Request.
  path: Assets/Script/ProgramManager.cs
  artifactKey: Guid(160213da8dc5c4c46a909077ec7de4b7) Importer(815301076,1909f56bfc062723c751e8b465ee728b)
Start importing Assets/Script/ProgramManager.cs using Guid(160213da8dc5c4c46a909077ec7de4b7) Importer(815301076,1909f56bfc062723c751e8b465ee728b)  -> (artifact id: '21f2af96f9aaeb73087ba1b568ec3e19') in 0.076783 seconds
  Import took 0.083565 seconds .

========================================================================
Received Prepare
Refreshing native plugins compatible for Editor in 1.15 ms, found 0 plugins.
Preloading 0 native plugins for Editor in 0.00 ms.
Unloading 4 Unused Serialized files (Serialized files now loaded: 0)
System memory in use before: 38.8 MB.
System memory in use after: 38.9 MB.

Unloading 3 unused Assets to reduce memory usage. Loaded Objects now: 1888.
Total: 4.269100 ms (FindLiveObjects: 0.370300 ms CreateObjectMapping: 0.139000 ms MarkObjects: 3.661400 ms  DeleteObjects: 0.095300 ms)

========================================================================
Received Prepare
Refreshing native plugins compatible for Editor in 0.84 ms, found 0 plugins.
Preloading 0 native plugins for Editor in 0.00 ms.
Unloading 3 Unused Serialized files (Serialized files now loaded: 0)
System memory in use before: 38.7 MB.
System memory in use after: 38.8 MB.

Unloading 3 unused Assets to reduce memory usage. Loaded Objects now: 1888.
Total: 3.287800 ms (FindLiveObjects: 0.246300 ms CreateObjectMapping: 0.077400 ms MarkObjects: 2.873400 ms  DeleteObjects: 0.089200 ms)

========================================================================
Received Prepare
Refreshing native plugins compatible for Editor in 0.72 ms, found 0 plugins.
Preloading 0 native plugins for Editor in 0.00 ms.
Unloading 3 Unused Serialized files (Serialized files now loaded: 0)
System memory in use before: 38.7 MB.
System memory in use after: 38.8 MB.

Unloading 3 unused Assets to reduce memory usage. Loaded Objects now: 1888.
Total: 3.096900 ms (FindLiveObjects: 0.300400 ms CreateObjectMapping: 0.119900 ms MarkObjects: 2.600800 ms  DeleteObjects: 0.074000 ms)

========================================================================
Received Prepare
Refreshing native plugins compatible for Editor in 1.28 ms, found 0 plugins.
Preloading 0 native plugins for Editor in 0.00 ms.
Unloading 3 Unused Serialized files (Serialized files now loaded: 0)
System memory in use before: 38.7 MB.
System memory in use after: 38.8 MB.

Unloading 3 unused Assets to reduce memory usage. Loaded Objects now: 1888.
Total: 6.436100 ms (FindLiveObjects: 0.554600 ms CreateObjectMapping: 0.174200 ms MarkObjects: 5.588400 ms  DeleteObjects: 0.111500 ms)

========================================================================
Received Prepare
Refreshing native plugins compatible for Editor in 1.42 ms, found 0 plugins.
Preloading 0 native plugins for Editor in 0.00 ms.
Unloading 3 Unused Serialized files (Serialized files now loaded: 0)
System memory in use before: 38.7 MB.
System memory in use after: 38.8 MB.

Unloading 3 unused Assets to reduce memory usage. Loaded Objects now: 1888.
Total: 4.469700 ms (FindLiveObjects: 0.335000 ms CreateObjectMapping: 0.107900 ms MarkObjects: 3.906400 ms  DeleteObjects: 0.117900 ms)

========================================================================
Received Prepare
Refreshing native plugins compatible for Editor in 0.88 ms, found 0 plugins.
Preloading 0 native plugins for Editor in 0.00 ms.
Unloading 3 Unused Serialized files (Serialized files now loaded: 0)
System memory in use before: 38.7 MB.
System memory in use after: 38.8 MB.

Unloading 3 unused Assets to reduce memory usage. Loaded Objects now: 1888.
Total: 2.442600 ms (FindLiveObjects: 0.232900 ms CreateObjectMapping: 0.067800 ms MarkObjects: 2.095000 ms  DeleteObjects: 0.045700 ms)

========================================================================
Received Prepare
Registering precompiled user dll's ...
Registered in 0.001048 seconds.
Begin MonoManager ReloadAssembly
Native extension for WindowsStandalone target not found
Refreshing native plugins compatible for Editor in 0.39 ms, found 0 plugins.
Preloading 0 native plugins for Editor in 0.00 ms.
Invoked RoslynAnalysisRunner static constructor.
RoslynAnalysisRunner will not be running.
RoslynAnalysisRunner has terminated.
Mono: successfully reloaded assembly
- Completed reload, in  1.471 seconds
Platform modules already initialized, skipping
Switching build target platform(5) subTarget(0) extendedPlatform(0) -> platform(13) subTarget(524288) extendedPlatform(0)
Refreshing native plugins compatible for Editor in 0.39 ms, found 0 plugins.
Preloading 0 native plugins for Editor in 0.00 ms.
Unloading 1433 Unused Serialized files (Serialized files now loaded: 0)
System memory in use before: 67.1 MB.
System memory in use after: 67.2 MB.

Unloading 6 unused Assets to reduce memory usage. Loaded Objects now: 1892.
Total: 3.249300 ms (FindLiveObjects: 0.653100 ms CreateObjectMapping: 0.149600 ms MarkObjects: 2.379600 ms  DeleteObjects: 0.064400 ms)

AssetImportParameters requested are different than current active one (requested -> active):
  custom:graphics/normal-map-encoding: 01000000000000000000000000000000 -> 02000000000000000000000000000000
========================================================================
Received Prepare
Registering precompiled user dll's ...
Registered in 0.001377 seconds.
Begin MonoManager ReloadAssembly
Native extension for WindowsStandalone target not found
Refreshing native plugins compatible for Editor in 0.54 ms, found 0 plugins.
Preloading 0 native plugins for Editor in 0.00 ms.
Invoked RoslynAnalysisRunner static constructor.
RoslynAnalysisRunner will not be running.
RoslynAnalysisRunner has terminated.
Mono: successfully reloaded assembly
- Completed reload, in  2.080 seconds
Platform modules already initialized, skipping
Switching build target platform(5) subTarget(0) extendedPlatform(0) -> platform(13) subTarget(524288) extendedPlatform(0)
Refreshing native plugins compatible for Editor in 0.49 ms, found 0 plugins.
Preloading 0 native plugins for Editor in 0.00 ms.
Unloading 1433 Unused Serialized files (Serialized files now loaded: 0)
System memory in use before: 67.1 MB.
System memory in use after: 67.2 MB.

Unloading 6 unused Assets to reduce memory usage. Loaded Objects now: 1896.
Total: 4.311000 ms (FindLiveObjects: 0.413900 ms CreateObjectMapping: 0.182400 ms MarkObjects: 3.601600 ms  DeleteObjects: 0.110700 ms)

AssetImportParameters requested are different than current active one (requested -> active):
  custom:graphics/normal-map-encoding: 01000000000000000000000000000000 -> 02000000000000000000000000000000
========================================================================
Received Prepare
Refreshing native plugins compatible for Editor in 1.19 ms, found 0 plugins.
Preloading 0 native plugins for Editor in 0.00 ms.
Unloading 3 Unused Serialized files (Serialized files now loaded: 0)
System memory in use before: 38.7 MB.
System memory in use after: 38.8 MB.

Unloading 3 unused Assets to reduce memory usage. Loaded Objects now: 1896.
Total: 4.306700 ms (FindLiveObjects: 0.307000 ms CreateObjectMapping: 0.139700 ms MarkObjects: 3.750800 ms  DeleteObjects: 0.105900 ms)

========================================================================
Received Prepare
Refreshing native plugins compatible for Editor in 0.92 ms, found 0 plugins.
Preloading 0 native plugins for Editor in 0.00 ms.
Unloading 3 Unused Serialized files (Serialized files now loaded: 0)
System memory in use before: 38.7 MB.
System memory in use after: 38.8 MB.

Unloading 3 unused Assets to reduce memory usage. Loaded Objects now: 1896.
Total: 3.602400 ms (FindLiveObjects: 0.243900 ms CreateObjectMapping: 0.129100 ms MarkObjects: 3.128800 ms  DeleteObjects: 0.098000 ms)

========================================================================
Received Prepare
Refreshing native plugins compatible for Editor in 0.62 ms, found 0 plugins.
Preloading 0 native plugins for Editor in 0.00 ms.
Unloading 3 Unused Serialized files (Serialized files now loaded: 0)
System memory in use before: 38.7 MB.
System memory in use after: 38.8 MB.

Unloading 3 unused Assets to reduce memory usage. Loaded Objects now: 1896.
Total: 4.251400 ms (FindLiveObjects: 0.487000 ms CreateObjectMapping: 0.115100 ms MarkObjects: 3.577300 ms  DeleteObjects: 0.068100 ms)

========================================================================
Received Import Request.
  Time since last request: 4146.299169 seconds.
  path: Assets/Prefabs/Cat Lite.prefab
  artifactKey: Guid(78060b08dce9bf2489882dc0347907ab) Importer(815301076,1909f56bfc062723c751e8b465ee728b)
Start importing Assets/Prefabs/Cat Lite.prefab using Guid(78060b08dce9bf2489882dc0347907ab) Importer(815301076,1909f56bfc062723c751e8b465ee728b)  -> (artifact id: '7cf49b772d843a79a4031e77cec33333') in 0.158273 seconds
  Import took 0.162176 seconds .

========================================================================
Received Import Request.
  Time since last request: 3.837263 seconds.
  path: Assets/Prefabs/Cat Lite.prefab
  artifactKey: Guid(78060b08dce9bf2489882dc0347907ab) Importer(815301076,1909f56bfc062723c751e8b465ee728b)
Start importing Assets/Prefabs/Cat Lite.prefab using Guid(78060b08dce9bf2489882dc0347907ab) Importer(815301076,1909f56bfc062723c751e8b465ee728b)  -> (artifact id: '4e522306ded392358aa2d0b6fddd666d') in 0.046099 seconds
  Import took 0.051600 seconds .

========================================================================
Received Import Request.
  Time since last request: 2.958495 seconds.
  path: Assets/Prefabs/Cat Lite.prefab
  artifactKey: Guid(78060b08dce9bf2489882dc0347907ab) Importer(815301076,1909f56bfc062723c751e8b465ee728b)
Start importing Assets/Prefabs/Cat Lite.prefab using Guid(78060b08dce9bf2489882dc0347907ab) Importer(815301076,1909f56bfc062723c751e8b465ee728b)  -> (artifact id: '45728ddb17a4e9ecf6b8d55a63e1074f') in 0.039405 seconds
  Import took 0.043313 seconds .

========================================================================
Received Import Request.
  Time since last request: 16.437038 seconds.
  path: Assets/Scenes/MainScene.unity
  artifactKey: Guid(9fc0d4010bbf28b4594072e72b8655ab) Importer(815301076,1909f56bfc062723c751e8b465ee728b)
Start importing Assets/Scenes/MainScene.unity using Guid(9fc0d4010bbf28b4594072e72b8655ab) Importer(815301076,1909f56bfc062723c751e8b465ee728b)  -> (artifact id: '59f002913d5e0c38caa5018c56cd96d5') in 0.010425 seconds
  Import took 0.015834 seconds .

========================================================================
Received Prepare
Refreshing native plugins compatible for Editor in 1.01 ms, found 0 plugins.
Preloading 0 native plugins for Editor in 0.00 ms.
Unloading 3 Unused Serialized files (Serialized files now loaded: 0)
System memory in use before: 56.8 MB.
System memory in use after: 56.9 MB.

Unloading 3 unused Assets to reduce memory usage. Loaded Objects now: 1904.
Total: 2.675200 ms (FindLiveObjects: 0.196000 ms CreateObjectMapping: 0.063000 ms MarkObjects: 2.348200 ms  DeleteObjects: 0.064900 ms)

========================================================================
Received Prepare
Registering precompiled user dll's ...
Registered in 0.000736 seconds.
Begin MonoManager ReloadAssembly
Native extension for WindowsStandalone target not found
Refreshing native plugins compatible for Editor in 0.29 ms, found 0 plugins.
Preloading 0 native plugins for Editor in 0.00 ms.
Invoked RoslynAnalysisRunner static constructor.
RoslynAnalysisRunner will not be running.
RoslynAnalysisRunner has terminated.
Mono: successfully reloaded assembly
- Completed reload, in  0.878 seconds
Platform modules already initialized, skipping
Switching build target platform(5) subTarget(0) extendedPlatform(0) -> platform(13) subTarget(524288) extendedPlatform(0)
Refreshing native plugins compatible for Editor in 0.30 ms, found 0 plugins.
Preloading 0 native plugins for Editor in 0.00 ms.
Unloading 1433 Unused Serialized files (Serialized files now loaded: 0)
System memory in use before: 84.3 MB.
System memory in use after: 84.4 MB.

Unloading 7 unused Assets to reduce memory usage. Loaded Objects now: 1907.
Total: 6.405600 ms (FindLiveObjects: 0.552500 ms CreateObjectMapping: 0.199300 ms MarkObjects: 5.443900 ms  DeleteObjects: 0.206200 ms)

AssetImportParameters requested are different than current active one (requested -> active):
  custom:graphics/normal-map-encoding: 01000000000000000000000000000000 -> 02000000000000000000000000000000
========================================================================
Received Prepare
Refreshing native plugins compatible for Editor in 0.76 ms, found 0 plugins.
Preloading 0 native plugins for Editor in 0.00 ms.
Unloading 4 Unused Serialized files (Serialized files now loaded: 0)
System memory in use before: 56.0 MB.
System memory in use after: 56.1 MB.

Unloading 3 unused Assets to reduce memory usage. Loaded Objects now: 1908.
Total: 3.446700 ms (FindLiveObjects: 0.322000 ms CreateObjectMapping: 0.121500 ms MarkObjects: 2.935000 ms  DeleteObjects: 0.065800 ms)

========================================================================
Received Import Request.
  Time since last request: 2163.617300 seconds.
  path: Assets/Script/CatScript.cs
  artifactKey: Guid(eaade2b7b0641b440aa20a0b01580b7a) Importer(815301076,1909f56bfc062723c751e8b465ee728b)
Start importing Assets/Script/CatScript.cs using Guid(eaade2b7b0641b440aa20a0b01580b7a) Importer(815301076,1909f56bfc062723c751e8b465ee728b)  -> (artifact id: '55fe2ef7c005566284e1aab05f3bbe96') in 0.010349 seconds
  Import took 0.015459 seconds .

========================================================================
Received Import Request.
  Time since last request: 0.017820 seconds.
  path: Assets/Script/CatScript.cs
  artifactKey: Guid(eaade2b7b0641b440aa20a0b01580b7a) Importer(815301076,1909f56bfc062723c751e8b465ee728b)
Start importing Assets/Script/CatScript.cs using Guid(eaade2b7b0641b440aa20a0b01580b7a) Importer(815301076,1909f56bfc062723c751e8b465ee728b)  -> (artifact id: '55fe2ef7c005566284e1aab05f3bbe96') in 0.003573 seconds
  Import took 0.006462 seconds .

========================================================================
Received Prepare
Registering precompiled user dll's ...
Registered in 0.000589 seconds.
Begin MonoManager ReloadAssembly
Native extension for WindowsStandalone target not found
Refreshing native plugins compatible for Editor in 0.65 ms, found 0 plugins.
Preloading 0 native plugins for Editor in 0.00 ms.
Invoked RoslynAnalysisRunner static constructor.
RoslynAnalysisRunner will not be running.
RoslynAnalysisRunner has terminated.
Mono: successfully reloaded assembly
- Completed reload, in  0.821 seconds
Platform modules already initialized, skipping
Switching build target platform(5) subTarget(0) extendedPlatform(0) -> platform(13) subTarget(524288) extendedPlatform(0)
Refreshing native plugins compatible for Editor in 0.27 ms, found 0 plugins.
Preloading 0 native plugins for Editor in 0.00 ms.
Unloading 1433 Unused Serialized files (Serialized files now loaded: 0)
System memory in use before: 84.3 MB.
System memory in use after: 84.4 MB.

Unloading 6 unused Assets to reduce memory usage. Loaded Objects now: 1912.
Total: 2.461200 ms (FindLiveObjects: 0.407200 ms CreateObjectMapping: 0.176100 ms MarkObjects: 1.758100 ms  DeleteObjects: 0.117700 ms)

AssetImportParameters requested are different than current active one (requested -> active):
  custom:graphics/normal-map-encoding: 01000000000000000000000000000000 -> 02000000000000000000000000000000
========================================================================
Received Import Request.
  Time since last request: 105.431448 seconds.
  path: Assets/Script/Run.cs
  artifactKey: Guid(2494308d0471ced45b1a6c4a574a1993) Importer(815301076,1909f56bfc062723c751e8b465ee728b)
Start importing Assets/Script/Run.cs using Guid(2494308d0471ced45b1a6c4a574a1993) Importer(815301076,1909f56bfc062723c751e8b465ee728b)  -> (artifact id: '261873226402caf8b081ef397b7c4570') in 0.015445 seconds
  Import took 0.019272 seconds .

========================================================================
Received Import Request.
  Time since last request: 125.180026 seconds.
  path: Assets/Script/ProgramManager.cs
  artifactKey: Guid(160213da8dc5c4c46a909077ec7de4b7) Importer(815301076,1909f56bfc062723c751e8b465ee728b)
Start importing Assets/Script/ProgramManager.cs using Guid(160213da8dc5c4c46a909077ec7de4b7) Importer(815301076,1909f56bfc062723c751e8b465ee728b)  -> (artifact id: '33d0d6d4db2dd21368a578c9d5ec1ab0') in 0.009764 seconds
  Import took 0.014782 seconds .

========================================================================
Received Import Request.
  Time since last request: 0.002042 seconds.
  path: Assets/Script/ProgramManager.cs
  artifactKey: Guid(160213da8dc5c4c46a909077ec7de4b7) Importer(815301076,1909f56bfc062723c751e8b465ee728b)
Start importing Assets/Script/ProgramManager.cs using Guid(160213da8dc5c4c46a909077ec7de4b7) Importer(815301076,1909f56bfc062723c751e8b465ee728b)  -> (artifact id: '33d0d6d4db2dd21368a578c9d5ec1ab0') in 0.003366 seconds
  Import took 0.006656 seconds .

========================================================================
Received Prepare
Refreshing native plugins compatible for Editor in 1.19 ms, found 0 plugins.
Preloading 0 native plugins for Editor in 0.00 ms.
Unloading 3 Unused Serialized files (Serialized files now loaded: 0)
System memory in use before: 55.9 MB.
System memory in use after: 56.0 MB.

Unloading 3 unused Assets to reduce memory usage. Loaded Objects now: 1912.
Total: 2.350900 ms (FindLiveObjects: 0.340700 ms CreateObjectMapping: 0.117200 ms MarkObjects: 1.824200 ms  DeleteObjects: 0.067600 ms)

