Using pre-set license
Built from '2020.3/release' branch; Version is '2020.3.1f1 (77a89f25062f) revision 7841951'; Using compiler version '192528614'; Build Type 'Release'
OS: 'Windows 10 Home; OS build 19042.867; Version 2009; 64bit' Language: 'en' Physical Memory: 16100 MB
BatchMode: 1, IsHumanControllingUs: 0, StartBugReporterOnCrash: 0, Is64bit: 1, IsPro: 0

 COMMAND LINE ARGUMENTS:
C:\Program Files\Unity\Hub\Editor\2020.3.1f1\Editor\Unity.exe
-adb2
-batchMode
-noUpm
-name
AssetImportWorker0
-projectPath
D:/Projects/ARGame
-logFile
Logs/AssetImportWorker0.log
-srvPort
60661
Successfully changed project path to: D:/Projects/ARGame
D:/Projects/ARGame
Using Asset Import Pipeline V2.
Refreshing native plugins compatible for Editor in 28.27 ms, found 0 plugins.
Preloading 0 native plugins for Editor in 0.00 ms.
Initialize engine version: 2020.3.1f1 (77a89f25062f)
[Subsystems] Discovering subsystems at path C:/Program Files/Unity/Hub/Editor/2020.3.1f1/Editor/Data/Resources/UnitySubsystems
[Subsystems] Discovering subsystems at path D:/Projects/ARGame/Assets
GfxDevice: creating device client; threaded=0
Direct3D:
    Version:  Direct3D 11.0 [level 11.1]
    Renderer: NVIDIA GeForce MX350 (ID=0x1c94)
    Vendor:   
    VRAM:     1979 MB
    Driver:   26.21.14.4137
Initialize mono
Mono path[0] = 'C:/Program Files/Unity/Hub/Editor/2020.3.1f1/Editor/Data/Managed'
Mono path[1] = 'C:/Program Files/Unity/Hub/Editor/2020.3.1f1/Editor/Data/MonoBleedingEdge/lib/mono/unityjit'
Mono config path = 'C:/Program Files/Unity/Hub/Editor/2020.3.1f1/Editor/Data/MonoBleedingEdge/etc'
Using monoOptions --debugger-agent=transport=dt_socket,embedding=1,server=y,suspend=n,address=127.0.0.1:56832
Begin MonoManager ReloadAssembly
Registering precompiled unity dll's ...
Register platform support module: C:/Program Files/Unity/Hub/Editor/2020.3.1f1/Editor/Data/PlaybackEngines/WindowsStandaloneSupport/UnityEditor.WindowsStandalone.Extensions.dll
Registered in 0.002592 seconds.
Native extension for WindowsStandalone target not found
Refreshing native plugins compatible for Editor in 31.49 ms, found 0 plugins.
Preloading 0 native plugins for Editor in 0.00 ms.
Invoked RoslynAnalysisRunner static constructor.
RoslynAnalysisRunner will not be running.
RoslynAnalysisRunner has terminated.
Mono: successfully reloaded assembly
- Completed reload, in  2.346 seconds
Platform modules already initialized, skipping
Registering precompiled user dll's ...
Registered in 0.000645 seconds.
Begin MonoManager ReloadAssembly
Native extension for WindowsStandalone target not found
Refreshing native plugins compatible for Editor in 0.33 ms, found 0 plugins.
Preloading 0 native plugins for Editor in 0.00 ms.
Invoked RoslynAnalysisRunner static constructor.
RoslynAnalysisRunner will not be running.
RoslynAnalysisRunner has terminated.
Mono: successfully reloaded assembly
- Completed reload, in  0.938 seconds
Platform modules already initialized, skipping
========================================================================
Worker process is ready to serve import requests
Launched and connected shader compiler UnityShaderCompiler.exe after 0.05 seconds
Refreshing native plugins compatible for Editor in 0.31 ms, found 0 plugins.
Preloading 0 native plugins for Editor in 0.00 ms.
Unloading 1440 Unused Serialized files (Serialized files now loaded: 0)
System memory in use before: 67.2 MB.
System memory in use after: 67.3 MB.

Unloading 12 unused Assets to reduce memory usage. Loaded Objects now: 1887.
Total: 2.200700 ms (FindLiveObjects: 0.230700 ms CreateObjectMapping: 0.095000 ms MarkObjects: 1.761100 ms  DeleteObjects: 0.113000 ms)

========================================================================
Received Import Request.
  path: Assets/Lowpoly Toon Cat Lite/Model/Animator/Cat_Lite_AC.controller
  artifactKey: Guid(8bd50fa7f84445f499085af2faf790c8) Importer(815301076,1909f56bfc062723c751e8b465ee728b)
Start importing Assets/Lowpoly Toon Cat Lite/Model/Animator/Cat_Lite_AC.controller using Guid(8bd50fa7f84445f499085af2faf790c8) Importer(815301076,1909f56bfc062723c751e8b465ee728b)  -> (artifact id: '2f299ed5a0fef58ba6154de7a9926655') in 0.049427 seconds
  Import took 0.054342 seconds .

========================================================================
Received Import Request.
  Time since last request: 598.341888 seconds.
  path: Assets/Lowpoly Toon Cat Lite/Model/Animator/New Animator Controller.controller
  artifactKey: Guid(66e10ad794ad73546968d3a3031e9c74) Importer(815301076,1909f56bfc062723c751e8b465ee728b)
Start importing Assets/Lowpoly Toon Cat Lite/Model/Animator/New Animator Controller.controller using Guid(66e10ad794ad73546968d3a3031e9c74) Importer(815301076,1909f56bfc062723c751e8b465ee728b)  -> (artifact id: '1e9cf6de475008c73f70a95e76ac6c0d') in 0.015999 seconds
  Import took 0.020280 seconds .

========================================================================
Received Import Request.
  Time since last request: 24.452404 seconds.
  path: Assets/Lowpoly Toon Cat Lite/Model/Animator/Cat_Animation.controller
  artifactKey: Guid(66e10ad794ad73546968d3a3031e9c74) Importer(815301076,1909f56bfc062723c751e8b465ee728b)
Start importing Assets/Lowpoly Toon Cat Lite/Model/Animator/Cat_Animation.controller using Guid(66e10ad794ad73546968d3a3031e9c74) Importer(815301076,1909f56bfc062723c751e8b465ee728b)  -> (artifact id: 'fb93283ff99283f8f13c2885291ef20f') in 0.012417 seconds
  Import took 0.015248 seconds .

========================================================================
Received Import Request.
  Time since last request: 212.099154 seconds.
  path: Assets/Prefabs/Cat Lite.prefab
  artifactKey: Guid(78060b08dce9bf2489882dc0347907ab) Importer(815301076,1909f56bfc062723c751e8b465ee728b)
Start importing Assets/Prefabs/Cat Lite.prefab using Guid(78060b08dce9bf2489882dc0347907ab) Importer(815301076,1909f56bfc062723c751e8b465ee728b) The Animator Controller (New Animator Controller) you have used is not valid. Animations will not play
UnityEngine.StackTraceUtility:ExtractStackTrace ()
UnityEditor.EditorUtility:Internal_InstantiateRemoveAllNonAnimationComponentsSingle (UnityEngine.Object,UnityEngine.Vector3,UnityEngine.Quaternion)
UnityEditor.EditorUtility:InstantiateRemoveAllNonAnimationComponents (UnityEngine.Object,UnityEngine.Vector3,UnityEngine.Quaternion)
UnityEditor.EditorUtility:InstantiateForAnimatorPreview (UnityEngine.Object)
UnityEditor.GameObjectInspector/PreviewData:UpdateGameObject (UnityEngine.Object)
UnityEditor.GameObjectInspector/PreviewData:.ctor (UnityEngine.Object)
UnityEditor.GameObjectInspector:GetPreviewData ()
UnityEditor.GameObjectInspector:RenderStaticPreview (string,UnityEngine.Object[],int,int)
UnityEditor.AssetPreviewUpdater:CreatePreviewForAsset (UnityEngine.Object,UnityEngine.Object[],string)

[C:\buildslave\unity\build\Modules/Animation/Director/AnimatorControllerPlayable.cpp line 332]

The Animator Controller (New Animator Controller) you have used is not valid. Animations will not play
UnityEngine.StackTraceUtility:ExtractStackTrace ()
UnityEditor.EditorUtility:InitInstantiatedPreviewRecursive (UnityEngine.GameObject)
UnityEditor.EditorUtility:InstantiateForAnimatorPreview (UnityEngine.Object)
UnityEditor.GameObjectInspector/PreviewData:UpdateGameObject (UnityEngine.Object)
UnityEditor.GameObjectInspector/PreviewData:.ctor (UnityEngine.Object)
UnityEditor.GameObjectInspector:GetPreviewData ()
UnityEditor.GameObjectInspector:RenderStaticPreview (string,UnityEngine.Object[],int,int)
UnityEditor.AssetPreviewUpdater:CreatePreviewForAsset (UnityEngine.Object,UnityEngine.Object[],string)

[C:\buildslave\unity\build\Modules/Animation/Director/AnimatorControllerPlayable.cpp line 332]

 -> (artifact id: '031fd825478d56bf6b3111404fa26393') in 0.142185 seconds
  Import took 0.146012 seconds .

========================================================================
Received Prepare
Refreshing native plugins compatible for Editor in 0.69 ms, found 0 plugins.
Preloading 0 native plugins for Editor in 0.00 ms.
Unloading 4 Unused Serialized files (Serialized files now loaded: 0)
System memory in use before: 56.1 MB.
System memory in use after: 56.2 MB.

Unloading 3 unused Assets to reduce memory usage. Loaded Objects now: 1896.
Total: 2.616200 ms (FindLiveObjects: 0.217800 ms CreateObjectMapping: 0.066300 ms MarkObjects: 2.278200 ms  DeleteObjects: 0.052400 ms)

========================================================================
Received Prepare
Refreshing native plugins compatible for Editor in 0.87 ms, found 0 plugins.
Preloading 0 native plugins for Editor in 0.00 ms.
Unloading 3 Unused Serialized files (Serialized files now loaded: 0)
System memory in use before: 56.0 MB.
System memory in use after: 56.1 MB.

Unloading 3 unused Assets to reduce memory usage. Loaded Objects now: 1896.
Total: 2.637900 ms (FindLiveObjects: 0.289900 ms CreateObjectMapping: 0.075400 ms MarkObjects: 2.204000 ms  DeleteObjects: 0.066800 ms)

========================================================================
Received Import Request.
  Time since last request: 719.244600 seconds.
  path: Assets/Prefabs/Cat Lite.prefab
  artifactKey: Guid(78060b08dce9bf2489882dc0347907ab) Importer(815301076,1909f56bfc062723c751e8b465ee728b)
Start importing Assets/Prefabs/Cat Lite.prefab using Guid(78060b08dce9bf2489882dc0347907ab) Importer(815301076,1909f56bfc062723c751e8b465ee728b)  -> (artifact id: 'e537a32807e40434c9080888e43988ce') in 0.049686 seconds
  Import took 0.054219 seconds .

========================================================================
Received Import Request.
  Time since last request: 28.373873 seconds.
  path: Assets/Prefabs/Cat Lite.prefab
  artifactKey: Guid(78060b08dce9bf2489882dc0347907ab) Importer(815301076,1909f56bfc062723c751e8b465ee728b)
Start importing Assets/Prefabs/Cat Lite.prefab using Guid(78060b08dce9bf2489882dc0347907ab) Importer(815301076,1909f56bfc062723c751e8b465ee728b)  -> (artifact id: '3dbef5ad2e82e941d110da8a190e840c') in 0.045543 seconds
  Import took 0.050709 seconds .

========================================================================
Received Prepare
Refreshing native plugins compatible for Editor in 0.67 ms, found 0 plugins.
Preloading 0 native plugins for Editor in 0.00 ms.
Unloading 3 Unused Serialized files (Serialized files now loaded: 0)
System memory in use before: 56.4 MB.
System memory in use after: 56.5 MB.

Unloading 3 unused Assets to reduce memory usage. Loaded Objects now: 1896.
Total: 3.220100 ms (FindLiveObjects: 0.217400 ms CreateObjectMapping: 0.050400 ms MarkObjects: 2.861800 ms  DeleteObjects: 0.089600 ms)

========================================================================
Received Import Request.
  Time since last request: 788.259336 seconds.
  path: Assets/Scenes/MainScene.unity
  artifactKey: Guid(9fc0d4010bbf28b4594072e72b8655ab) Importer(815301076,1909f56bfc062723c751e8b465ee728b)
Start importing Assets/Scenes/MainScene.unity using Guid(9fc0d4010bbf28b4594072e72b8655ab) Importer(815301076,1909f56bfc062723c751e8b465ee728b)  -> (artifact id: 'c6ee6bd640845184954055aae24cc484') in 0.014097 seconds
  Import took 0.017257 seconds .

========================================================================
Received Import Request.
  Time since last request: 480.221536 seconds.
  path: Assets/Lowpoly Toon Cat Lite/Demo/UI/DENNE MARKER.TTF
  artifactKey: Guid(1d065f8c4ef307e4291c1d3a4936ed3b) Importer(815301076,1909f56bfc062723c751e8b465ee728b)
Start importing Assets/Lowpoly Toon Cat Lite/Demo/UI/DENNE MARKER.TTF using Guid(1d065f8c4ef307e4291c1d3a4936ed3b) Importer(815301076,1909f56bfc062723c751e8b465ee728b)  -> (artifact id: '24eb04dc2af71e61f3d52da1f5a52d49') in 0.094712 seconds
  Import took 0.097784 seconds .

========================================================================
Received Import Request.
  Time since last request: 0.006023 seconds.
  path: Assets/Lowpoly Toon Cat Lite/Demo/UI/DENNE MARKER.TTF
  artifactKey: Guid(1d065f8c4ef307e4291c1d3a4936ed3b) Importer(815301076,1909f56bfc062723c751e8b465ee728b)
Start importing Assets/Lowpoly Toon Cat Lite/Demo/UI/DENNE MARKER.TTF using Guid(1d065f8c4ef307e4291c1d3a4936ed3b) Importer(815301076,1909f56bfc062723c751e8b465ee728b)  -> (artifact id: '24eb04dc2af71e61f3d52da1f5a52d49') in 0.017455 seconds
  Import took 0.022656 seconds .

========================================================================
Received Prepare
Refreshing native plugins compatible for Editor in 0.65 ms, found 0 plugins.
Preloading 0 native plugins for Editor in 0.00 ms.
Unloading 3 Unused Serialized files (Serialized files now loaded: 0)
System memory in use before: 57.3 MB.
System memory in use after: 57.4 MB.

Unloading 3 unused Assets to reduce memory usage. Loaded Objects now: 1933.
Total: 3.483800 ms (FindLiveObjects: 0.255800 ms CreateObjectMapping: 0.074100 ms MarkObjects: 3.087700 ms  DeleteObjects: 0.064400 ms)

========================================================================
Received Import Request.
  Time since last request: 755.087051 seconds.
  path: Assets/Script/CatScript.cs
  artifactKey: Guid(eaade2b7b0641b440aa20a0b01580b7a) Importer(815301076,1909f56bfc062723c751e8b465ee728b)
Start importing Assets/Script/CatScript.cs using Guid(eaade2b7b0641b440aa20a0b01580b7a) Importer(815301076,1909f56bfc062723c751e8b465ee728b)  -> (artifact id: '082130a348661b5ef7b88f7727a3dc19') in 0.012606 seconds
  Import took 0.015582 seconds .

========================================================================
Received Prepare
Registering precompiled user dll's ...
Registered in 0.001030 seconds.
Begin MonoManager ReloadAssembly
Native extension for WindowsStandalone target not found
Refreshing native plugins compatible for Editor in 0.31 ms, found 0 plugins.
Preloading 0 native plugins for Editor in 0.00 ms.
Invoked RoslynAnalysisRunner static constructor.
RoslynAnalysisRunner will not be running.
RoslynAnalysisRunner has terminated.
Mono: successfully reloaded assembly
- Completed reload, in  1.436 seconds
Platform modules already initialized, skipping
Switching build target platform(5) subTarget(0) extendedPlatform(0) -> platform(13) subTarget(524288) extendedPlatform(0)
Refreshing native plugins compatible for Editor in 0.31 ms, found 0 plugins.
Preloading 0 native plugins for Editor in 0.00 ms.
Unloading 1433 Unused Serialized files (Serialized files now loaded: 0)
System memory in use before: 84.4 MB.
System memory in use after: 84.5 MB.

Unloading 7 unused Assets to reduce memory usage. Loaded Objects now: 1936.
Total: 2.172200 ms (FindLiveObjects: 0.247000 ms CreateObjectMapping: 0.057300 ms MarkObjects: 1.791300 ms  DeleteObjects: 0.075400 ms)

AssetImportParameters requested are different than current active one (requested -> active):
  custom:graphics/normal-map-encoding: 01000000000000000000000000000000 -> 02000000000000000000000000000000
========================================================================
Received Prepare
Refreshing native plugins compatible for Editor in 0.94 ms, found 0 plugins.
Preloading 0 native plugins for Editor in 0.00 ms.
Unloading 4 Unused Serialized files (Serialized files now loaded: 0)
System memory in use before: 56.1 MB.
System memory in use after: 56.2 MB.

Unloading 3 unused Assets to reduce memory usage. Loaded Objects now: 1937.
Total: 4.026700 ms (FindLiveObjects: 0.507100 ms CreateObjectMapping: 0.139100 ms MarkObjects: 3.285600 ms  DeleteObjects: 0.092300 ms)

========================================================================
Received Prepare
Refreshing native plugins compatible for Editor in 1.07 ms, found 0 plugins.
Preloading 0 native plugins for Editor in 0.00 ms.
Unloading 3 Unused Serialized files (Serialized files now loaded: 0)
System memory in use before: 56.0 MB.
System memory in use after: 56.1 MB.

Unloading 3 unused Assets to reduce memory usage. Loaded Objects now: 1937.
Total: 3.077900 ms (FindLiveObjects: 0.507400 ms CreateObjectMapping: 0.133000 ms MarkObjects: 2.370300 ms  DeleteObjects: 0.065100 ms)

========================================================================
Received Import Request.
  Time since last request: 1491.171856 seconds.
  path: Assets/Materials/background.jpg
  artifactKey: Guid(bc6e970d1d0f14d44ae16589209313e9) Importer(815301076,1909f56bfc062723c751e8b465ee728b)
Start importing Assets/Materials/background.jpg using Guid(bc6e970d1d0f14d44ae16589209313e9) Importer(815301076,1909f56bfc062723c751e8b465ee728b)  -> (artifact id: '9cc3cc5cf8773f57b1d60ab0b9014950') in 0.104165 seconds
  Import took 0.109734 seconds .

========================================================================
Received Import Request.
  Time since last request: 24.038751 seconds.
  path: Assets/Materials/background.jpg
  artifactKey: Guid(bc6e970d1d0f14d44ae16589209313e9) Importer(815301076,1909f56bfc062723c751e8b465ee728b)
Start importing Assets/Materials/background.jpg using Guid(bc6e970d1d0f14d44ae16589209313e9) Importer(815301076,1909f56bfc062723c751e8b465ee728b)  -> (artifact id: 'e96fba3b91f8da0039ba155907706013') in 0.059304 seconds
  Import took 0.062375 seconds .

========================================================================
Received Import Request.
  Time since last request: 124.476144 seconds.
  path: Assets/Materials/background.jpg
  artifactKey: Guid(bc6e970d1d0f14d44ae16589209313e9) Importer(815301076,1909f56bfc062723c751e8b465ee728b)
Start importing Assets/Materials/background.jpg using Guid(bc6e970d1d0f14d44ae16589209313e9) Importer(815301076,1909f56bfc062723c751e8b465ee728b)  -> (artifact id: 'fa6efe1c515fae7d5c238e6f39a903db') in 0.038297 seconds
  Import took 0.048660 seconds .

========================================================================
Received Import Request.
  Time since last request: 419.720973 seconds.
  path: Assets/Materials/background.jpg
  artifactKey: Guid(bc6e970d1d0f14d44ae16589209313e9) Importer(815301076,1909f56bfc062723c751e8b465ee728b)
Start importing Assets/Materials/background.jpg using Guid(bc6e970d1d0f14d44ae16589209313e9) Importer(815301076,1909f56bfc062723c751e8b465ee728b)  -> (artifact id: 'd992dccd5e9a0598b60b799321048683') in 0.033750 seconds
  Import took 0.041711 seconds .

========================================================================
Received Import Request.
  Time since last request: 539.902407 seconds.
  path: Assets/Materials/Health-icon.png
  artifactKey: Guid(33bff3fb484e96549817ccb6136edaf9) Importer(815301076,1909f56bfc062723c751e8b465ee728b)
Start importing Assets/Materials/Health-icon.png using Guid(33bff3fb484e96549817ccb6136edaf9) Importer(815301076,1909f56bfc062723c751e8b465ee728b)  -> (artifact id: '6a2d26728ee714c9f93c6407ad0c4d8d') in 0.032734 seconds
  Import took 0.038614 seconds .

========================================================================
Received Import Request.
  Time since last request: 55.453741 seconds.
  path: Assets/Materials/Health-icon.png
  artifactKey: Guid(33bff3fb484e96549817ccb6136edaf9) Importer(815301076,1909f56bfc062723c751e8b465ee728b)
Start importing Assets/Materials/Health-icon.png using Guid(33bff3fb484e96549817ccb6136edaf9) Importer(815301076,1909f56bfc062723c751e8b465ee728b)  -> (artifact id: '2bb2e38122529b63c2d71c3d207d1fbd') in 0.022817 seconds
  Import took 0.026756 seconds .

========================================================================
Received Prepare
Refreshing native plugins compatible for Editor in 1.18 ms, found 0 plugins.
Preloading 0 native plugins for Editor in 0.00 ms.
Unloading 3 Unused Serialized files (Serialized files now loaded: 0)
System memory in use before: 56.2 MB.
System memory in use after: 56.3 MB.

Unloading 3 unused Assets to reduce memory usage. Loaded Objects now: 1944.
Total: 3.286400 ms (FindLiveObjects: 0.205800 ms CreateObjectMapping: 0.055700 ms MarkObjects: 2.960300 ms  DeleteObjects: 0.062800 ms)

========================================================================
Received Import Request.
  Time since last request: 491.896417 seconds.
  path: Assets/Materials/bar.jpg
  artifactKey: Guid(dc8075a88721f444485cfd34f57b3bdf) Importer(815301076,1909f56bfc062723c751e8b465ee728b)
Start importing Assets/Materials/bar.jpg using Guid(dc8075a88721f444485cfd34f57b3bdf) Importer(815301076,1909f56bfc062723c751e8b465ee728b)  -> (artifact id: '9bf9c4b58be9a42f0040ac14748ce675') in 0.052472 seconds
  Import took 0.057829 seconds .

========================================================================
Received Import Request.
  Time since last request: 103.606430 seconds.
  path: Assets/Materials/bar.jpg
  artifactKey: Guid(dc8075a88721f444485cfd34f57b3bdf) Importer(815301076,1909f56bfc062723c751e8b465ee728b)
Start importing Assets/Materials/bar.jpg using Guid(dc8075a88721f444485cfd34f57b3bdf) Importer(815301076,1909f56bfc062723c751e8b465ee728b)  -> (artifact id: '23119f88d7a61235e5b654674c0bf709') in 0.029015 seconds
  Import took 0.033752 seconds .

========================================================================
Received Prepare
Refreshing native plugins compatible for Editor in 0.75 ms, found 0 plugins.
Preloading 0 native plugins for Editor in 0.00 ms.
Unloading 3 Unused Serialized files (Serialized files now loaded: 0)
System memory in use before: 56.2 MB.
System memory in use after: 56.3 MB.

Unloading 3 unused Assets to reduce memory usage. Loaded Objects now: 1946.
Total: 3.779500 ms (FindLiveObjects: 0.287400 ms CreateObjectMapping: 0.085500 ms MarkObjects: 3.343200 ms  DeleteObjects: 0.061600 ms)

========================================================================
Received Prepare
Refreshing native plugins compatible for Editor in 1.35 ms, found 0 plugins.
Preloading 0 native plugins for Editor in 0.00 ms.
Unloading 3 Unused Serialized files (Serialized files now loaded: 0)
System memory in use before: 56.2 MB.
System memory in use after: 56.3 MB.

Unloading 3 unused Assets to reduce memory usage. Loaded Objects now: 1946.
Total: 4.152900 ms (FindLiveObjects: 0.245900 ms CreateObjectMapping: 0.079100 ms MarkObjects: 3.669000 ms  DeleteObjects: 0.156100 ms)

========================================================================
Received Import Request.
  Time since last request: 1311.409517 seconds.
  path: Assets/Script/ProgressBarScript.cs
  artifactKey: Guid(de42f67732dd50d408277c6d59bc43c1) Importer(815301076,1909f56bfc062723c751e8b465ee728b)
Start importing Assets/Script/ProgressBarScript.cs using Guid(de42f67732dd50d408277c6d59bc43c1) Importer(815301076,1909f56bfc062723c751e8b465ee728b)  -> (artifact id: '3ba03f2e4c7fae42f98f4f3efa792916') in 0.009739 seconds
  Import took 0.013200 seconds .

========================================================================
Received Prepare
Registering precompiled user dll's ...
Registered in 0.001074 seconds.
Begin MonoManager ReloadAssembly
Native extension for WindowsStandalone target not found
Refreshing native plugins compatible for Editor in 0.33 ms, found 0 plugins.
Preloading 0 native plugins for Editor in 0.00 ms.
Invoked RoslynAnalysisRunner static constructor.
RoslynAnalysisRunner will not be running.
RoslynAnalysisRunner has terminated.
Mono: successfully reloaded assembly
- Completed reload, in  1.518 seconds
Platform modules already initialized, skipping
Switching build target platform(5) subTarget(0) extendedPlatform(0) -> platform(13) subTarget(524288) extendedPlatform(0)
Refreshing native plugins compatible for Editor in 0.40 ms, found 0 plugins.
Preloading 0 native plugins for Editor in 0.00 ms.
Unloading 1434 Unused Serialized files (Serialized files now loaded: 0)
System memory in use before: 84.5 MB.
System memory in use after: 84.6 MB.

Unloading 6 unused Assets to reduce memory usage. Loaded Objects now: 1951.
Total: 2.624600 ms (FindLiveObjects: 0.376800 ms CreateObjectMapping: 0.091500 ms MarkObjects: 2.035800 ms  DeleteObjects: 0.118200 ms)

AssetImportParameters requested are different than current active one (requested -> active):
  custom:graphics/normal-map-encoding: 01000000000000000000000000000000 -> 02000000000000000000000000000000
========================================================================
Received Prepare
Registering precompiled user dll's ...
Registered in 0.000989 seconds.
Begin MonoManager ReloadAssembly
Native extension for WindowsStandalone target not found
Refreshing native plugins compatible for Editor in 0.47 ms, found 0 plugins.
Preloading 0 native plugins for Editor in 0.00 ms.
Invoked RoslynAnalysisRunner static constructor.
RoslynAnalysisRunner will not be running.
RoslynAnalysisRunner has terminated.
Mono: successfully reloaded assembly
- Completed reload, in  1.254 seconds
Platform modules already initialized, skipping
Switching build target platform(5) subTarget(0) extendedPlatform(0) -> platform(13) subTarget(524288) extendedPlatform(0)
Refreshing native plugins compatible for Editor in 0.57 ms, found 0 plugins.
Preloading 0 native plugins for Editor in 0.00 ms.
Unloading 1434 Unused Serialized files (Serialized files now loaded: 0)
System memory in use before: 84.6 MB.
System memory in use after: 84.6 MB.

Unloading 6 unused Assets to reduce memory usage. Loaded Objects now: 1955.
Total: 3.587800 ms (FindLiveObjects: 0.402000 ms CreateObjectMapping: 0.396600 ms MarkObjects: 2.718500 ms  DeleteObjects: 0.068400 ms)

AssetImportParameters requested are different than current active one (requested -> active):
  custom:graphics/normal-map-encoding: 01000000000000000000000000000000 -> 02000000000000000000000000000000
========================================================================
Received Import Request.
  Time since last request: 193.790976 seconds.
  path: Assets/Script/ProgressBarScript.cs
  artifactKey: Guid(de42f67732dd50d408277c6d59bc43c1) Importer(815301076,1909f56bfc062723c751e8b465ee728b)
Start importing Assets/Script/ProgressBarScript.cs using Guid(de42f67732dd50d408277c6d59bc43c1) Importer(815301076,1909f56bfc062723c751e8b465ee728b)  -> (artifact id: 'db587d1de38362d2df787c8f6f1864a6') in 0.006177 seconds
  Import took 0.009194 seconds .

========================================================================
Received Import Request.
  Time since last request: 64.280306 seconds.
  path: Assets/Script/CatScript.cs
  artifactKey: Guid(eaade2b7b0641b440aa20a0b01580b7a) Importer(815301076,1909f56bfc062723c751e8b465ee728b)
Start importing Assets/Script/CatScript.cs using Guid(eaade2b7b0641b440aa20a0b01580b7a) Importer(815301076,1909f56bfc062723c751e8b465ee728b)  -> (artifact id: '2d059bdbf67f45b0eb4ea7780def1029') in 0.004202 seconds
  Import took 0.007427 seconds .

========================================================================
Received Import Request.
  Time since last request: 0.034123 seconds.
  path: Assets/Script/CatScript.cs
  artifactKey: Guid(eaade2b7b0641b440aa20a0b01580b7a) Importer(815301076,1909f56bfc062723c751e8b465ee728b)
Start importing Assets/Script/CatScript.cs using Guid(eaade2b7b0641b440aa20a0b01580b7a) Importer(815301076,1909f56bfc062723c751e8b465ee728b)  -> (artifact id: '2d059bdbf67f45b0eb4ea7780def1029') in 0.004030 seconds
  Import took 0.007227 seconds .

========================================================================
Received Prepare
Registering precompiled user dll's ...
Registered in 0.001048 seconds.
Begin MonoManager ReloadAssembly
Native extension for WindowsStandalone target not found
Refreshing native plugins compatible for Editor in 0.54 ms, found 0 plugins.
Preloading 0 native plugins for Editor in 0.00 ms.
Invoked RoslynAnalysisRunner static constructor.
RoslynAnalysisRunner will not be running.
RoslynAnalysisRunner has terminated.
Mono: successfully reloaded assembly
- Completed reload, in  1.303 seconds
Platform modules already initialized, skipping
Switching build target platform(5) subTarget(0) extendedPlatform(0) -> platform(13) subTarget(524288) extendedPlatform(0)
Refreshing native plugins compatible for Editor in 0.55 ms, found 0 plugins.
Preloading 0 native plugins for Editor in 0.00 ms.
Unloading 1434 Unused Serialized files (Serialized files now loaded: 0)
System memory in use before: 84.6 MB.
System memory in use after: 84.6 MB.

Unloading 6 unused Assets to reduce memory usage. Loaded Objects now: 1959.
Total: 2.982300 ms (FindLiveObjects: 0.543400 ms CreateObjectMapping: 0.135100 ms MarkObjects: 2.228200 ms  DeleteObjects: 0.073400 ms)

AssetImportParameters requested are different than current active one (requested -> active):
  custom:graphics/normal-map-encoding: 01000000000000000000000000000000 -> 02000000000000000000000000000000
========================================================================
Received Import Request.
  Time since last request: 566.254501 seconds.
  path: Assets/Script/ProgressBarScript.cs
  artifactKey: Guid(de42f67732dd50d408277c6d59bc43c1) Importer(815301076,1909f56bfc062723c751e8b465ee728b)
Start importing Assets/Script/ProgressBarScript.cs using Guid(de42f67732dd50d408277c6d59bc43c1) Importer(815301076,1909f56bfc062723c751e8b465ee728b)  -> (artifact id: '63d2699aa8190ab860ff56192a48dead') in 0.007034 seconds
  Import took 0.009764 seconds .

========================================================================
Received Prepare
Registering precompiled user dll's ...
Registered in 0.000571 seconds.
Begin MonoManager ReloadAssembly
Native extension for WindowsStandalone target not found
Refreshing native plugins compatible for Editor in 0.30 ms, found 0 plugins.
Preloading 0 native plugins for Editor in 0.00 ms.
Invoked RoslynAnalysisRunner static constructor.
RoslynAnalysisRunner will not be running.
RoslynAnalysisRunner has terminated.
Mono: successfully reloaded assembly
- Completed reload, in  1.039 seconds
Platform modules already initialized, skipping
Switching build target platform(5) subTarget(0) extendedPlatform(0) -> platform(13) subTarget(524288) extendedPlatform(0)
Refreshing native plugins compatible for Editor in 0.30 ms, found 0 plugins.
Preloading 0 native plugins for Editor in 0.00 ms.
Unloading 1434 Unused Serialized files (Serialized files now loaded: 0)
System memory in use before: 84.6 MB.
System memory in use after: 84.7 MB.

Unloading 7 unused Assets to reduce memory usage. Loaded Objects now: 1962.
Total: 3.422300 ms (FindLiveObjects: 0.347700 ms CreateObjectMapping: 0.157400 ms MarkObjects: 2.816100 ms  DeleteObjects: 0.098800 ms)

AssetImportParameters requested are different than current active one (requested -> active):
  custom:graphics/normal-map-encoding: 01000000000000000000000000000000 -> 02000000000000000000000000000000
========================================================================
Received Prepare
Registering precompiled user dll's ...
Registered in 0.000761 seconds.
Begin MonoManager ReloadAssembly
Native extension for WindowsStandalone target not found
Refreshing native plugins compatible for Editor in 0.33 ms, found 0 plugins.
Preloading 0 native plugins for Editor in 0.00 ms.
Invoked RoslynAnalysisRunner static constructor.
RoslynAnalysisRunner will not be running.
RoslynAnalysisRunner has terminated.
Mono: successfully reloaded assembly
- Completed reload, in  1.288 seconds
Platform modules already initialized, skipping
Switching build target platform(5) subTarget(0) extendedPlatform(0) -> platform(13) subTarget(524288) extendedPlatform(0)
Refreshing native plugins compatible for Editor in 0.42 ms, found 0 plugins.
Preloading 0 native plugins for Editor in 0.00 ms.
Unloading 1435 Unused Serialized files (Serialized files now loaded: 0)
System memory in use before: 84.7 MB.
System memory in use after: 84.7 MB.

Unloading 7 unused Assets to reduce memory usage. Loaded Objects now: 1966.
Total: 2.239800 ms (FindLiveObjects: 0.200900 ms CreateObjectMapping: 0.062900 ms MarkObjects: 1.903900 ms  DeleteObjects: 0.070400 ms)

AssetImportParameters requested are different than current active one (requested -> active):
  custom:graphics/normal-map-encoding: 01000000000000000000000000000000 -> 02000000000000000000000000000000
========================================================================
Received Prepare
Registering precompiled user dll's ...
Registered in 0.001076 seconds.
Begin MonoManager ReloadAssembly
Native extension for WindowsStandalone target not found
Refreshing native plugins compatible for Editor in 0.38 ms, found 0 plugins.
Preloading 0 native plugins for Editor in 0.00 ms.
Invoked RoslynAnalysisRunner static constructor.
RoslynAnalysisRunner will not be running.
RoslynAnalysisRunner has terminated.
Mono: successfully reloaded assembly
- Completed reload, in  1.262 seconds
Platform modules already initialized, skipping
Switching build target platform(5) subTarget(0) extendedPlatform(0) -> platform(13) subTarget(524288) extendedPlatform(0)
Refreshing native plugins compatible for Editor in 0.33 ms, found 0 plugins.
Preloading 0 native plugins for Editor in 0.00 ms.
Unloading 1435 Unused Serialized files (Serialized files now loaded: 0)
System memory in use before: 84.7 MB.
System memory in use after: 84.7 MB.

Unloading 7 unused Assets to reduce memory usage. Loaded Objects now: 1970.
Total: 2.144300 ms (FindLiveObjects: 0.306000 ms CreateObjectMapping: 0.066900 ms MarkObjects: 1.703300 ms  DeleteObjects: 0.066500 ms)

AssetImportParameters requested are different than current active one (requested -> active):
  custom:graphics/normal-map-encoding: 01000000000000000000000000000000 -> 02000000000000000000000000000000
========================================================================
Received Prepare
Registering precompiled user dll's ...
Registered in 0.000744 seconds.
Begin MonoManager ReloadAssembly
Native extension for WindowsStandalone target not found
Refreshing native plugins compatible for Editor in 0.35 ms, found 0 plugins.
Preloading 0 native plugins for Editor in 0.00 ms.
Invoked RoslynAnalysisRunner static constructor.
RoslynAnalysisRunner will not be running.
RoslynAnalysisRunner has terminated.
Mono: successfully reloaded assembly
- Completed reload, in  1.346 seconds
Platform modules already initialized, skipping
Switching build target platform(5) subTarget(0) extendedPlatform(0) -> platform(13) subTarget(524288) extendedPlatform(0)
Refreshing native plugins compatible for Editor in 0.46 ms, found 0 plugins.
Preloading 0 native plugins for Editor in 0.00 ms.
Unloading 1435 Unused Serialized files (Serialized files now loaded: 0)
System memory in use before: 84.7 MB.
System memory in use after: 84.8 MB.

Unloading 7 unused Assets to reduce memory usage. Loaded Objects now: 1974.
Total: 2.039000 ms (FindLiveObjects: 0.280700 ms CreateObjectMapping: 0.091900 ms MarkObjects: 1.599700 ms  DeleteObjects: 0.065200 ms)

AssetImportParameters requested are different than current active one (requested -> active):
  custom:graphics/normal-map-encoding: 01000000000000000000000000000000 -> 02000000000000000000000000000000
========================================================================
Received Prepare
Registering precompiled user dll's ...
Registered in 0.000729 seconds.
Begin MonoManager ReloadAssembly
Native extension for WindowsStandalone target not found
Refreshing native plugins compatible for Editor in 0.53 ms, found 0 plugins.
Preloading 0 native plugins for Editor in 0.00 ms.
Invoked RoslynAnalysisRunner static constructor.
RoslynAnalysisRunner will not be running.
RoslynAnalysisRunner has terminated.
Mono: successfully reloaded assembly
- Completed reload, in  1.162 seconds
Platform modules already initialized, skipping
Switching build target platform(5) subTarget(0) extendedPlatform(0) -> platform(13) subTarget(524288) extendedPlatform(0)
Refreshing native plugins compatible for Editor in 0.32 ms, found 0 plugins.
Preloading 0 native plugins for Editor in 0.00 ms.
Unloading 1435 Unused Serialized files (Serialized files now loaded: 0)
System memory in use before: 84.7 MB.
System memory in use after: 84.8 MB.

Unloading 7 unused Assets to reduce memory usage. Loaded Objects now: 1978.
Total: 1.881900 ms (FindLiveObjects: 0.165200 ms CreateObjectMapping: 0.051700 ms MarkObjects: 1.606700 ms  DeleteObjects: 0.057200 ms)

AssetImportParameters requested are different than current active one (requested -> active):
  custom:graphics/normal-map-encoding: 01000000000000000000000000000000 -> 02000000000000000000000000000000
========================================================================
Received Import Request.
  Time since last request: 1132.996931 seconds.
  path: Assets/Script/EditBarController.cs
  artifactKey: Guid(0a1f288d0a397d8488d614661699e9b7) Importer(815301076,1909f56bfc062723c751e8b465ee728b)
Start importing Assets/Script/EditBarController.cs using Guid(0a1f288d0a397d8488d614661699e9b7) Importer(815301076,1909f56bfc062723c751e8b465ee728b)  -> (artifact id: '147b2072069b2e7f824ec3d450f47e2c') in 0.016770 seconds
  Import took 0.021977 seconds .

========================================================================
Received Prepare
Registering precompiled user dll's ...
Registered in 0.000705 seconds.
Begin MonoManager ReloadAssembly
Native extension for WindowsStandalone target not found
Refreshing native plugins compatible for Editor in 0.34 ms, found 0 plugins.
Preloading 0 native plugins for Editor in 0.00 ms.
Invoked RoslynAnalysisRunner static constructor.
RoslynAnalysisRunner will not be running.
RoslynAnalysisRunner has terminated.
Mono: successfully reloaded assembly
- Completed reload, in  1.475 seconds
Platform modules already initialized, skipping
Switching build target platform(5) subTarget(0) extendedPlatform(0) -> platform(13) subTarget(524288) extendedPlatform(0)
Refreshing native plugins compatible for Editor in 0.63 ms, found 0 plugins.
Preloading 0 native plugins for Editor in 0.00 ms.
Unloading 1436 Unused Serialized files (Serialized files now loaded: 0)
System memory in use before: 84.7 MB.
System memory in use after: 84.8 MB.

Unloading 7 unused Assets to reduce memory usage. Loaded Objects now: 1983.
Total: 2.694800 ms (FindLiveObjects: 0.353300 ms CreateObjectMapping: 0.120500 ms MarkObjects: 2.145600 ms  DeleteObjects: 0.073800 ms)

AssetImportParameters requested are different than current active one (requested -> active):
  custom:graphics/normal-map-encoding: 01000000000000000000000000000000 -> 02000000000000000000000000000000
========================================================================
Received Prepare
Registering precompiled user dll's ...
Registered in 0.001111 seconds.
Begin MonoManager ReloadAssembly
Native extension for WindowsStandalone target not found
Refreshing native plugins compatible for Editor in 0.32 ms, found 0 plugins.
Preloading 0 native plugins for Editor in 0.00 ms.
Invoked RoslynAnalysisRunner static constructor.
RoslynAnalysisRunner will not be running.
RoslynAnalysisRunner has terminated.
Mono: successfully reloaded assembly
- Completed reload, in  1.313 seconds
Platform modules already initialized, skipping
Switching build target platform(5) subTarget(0) extendedPlatform(0) -> platform(13) subTarget(524288) extendedPlatform(0)
Refreshing native plugins compatible for Editor in 0.32 ms, found 0 plugins.
Preloading 0 native plugins for Editor in 0.00 ms.
Unloading 1436 Unused Serialized files (Serialized files now loaded: 0)
System memory in use before: 84.7 MB.
System memory in use after: 84.8 MB.

Unloading 7 unused Assets to reduce memory usage. Loaded Objects now: 1987.
Total: 2.575000 ms (FindLiveObjects: 0.335400 ms CreateObjectMapping: 0.099500 ms MarkObjects: 2.057100 ms  DeleteObjects: 0.081300 ms)

AssetImportParameters requested are different than current active one (requested -> active):
  custom:graphics/normal-map-encoding: 01000000000000000000000000000000 -> 02000000000000000000000000000000
========================================================================
Received Prepare
Registering precompiled user dll's ...
Registered in 0.001032 seconds.
Begin MonoManager ReloadAssembly
Native extension for WindowsStandalone target not found
Refreshing native plugins compatible for Editor in 0.34 ms, found 0 plugins.
Preloading 0 native plugins for Editor in 0.00 ms.
Invoked RoslynAnalysisRunner static constructor.
RoslynAnalysisRunner will not be running.
RoslynAnalysisRunner has terminated.
Mono: successfully reloaded assembly
- Completed reload, in  1.426 seconds
Platform modules already initialized, skipping
Switching build target platform(5) subTarget(0) extendedPlatform(0) -> platform(13) subTarget(524288) extendedPlatform(0)
Refreshing native plugins compatible for Editor in 0.31 ms, found 0 plugins.
Preloading 0 native plugins for Editor in 0.00 ms.
Unloading 1436 Unused Serialized files (Serialized files now loaded: 0)
System memory in use before: 84.7 MB.
System memory in use after: 84.8 MB.

Unloading 7 unused Assets to reduce memory usage. Loaded Objects now: 1991.
Total: 4.646400 ms (FindLiveObjects: 0.523000 ms CreateObjectMapping: 0.392300 ms MarkObjects: 3.646000 ms  DeleteObjects: 0.082200 ms)

AssetImportParameters requested are different than current active one (requested -> active):
  custom:graphics/normal-map-encoding: 01000000000000000000000000000000 -> 02000000000000000000000000000000
========================================================================
Received Prepare
Registering precompiled user dll's ...
Registered in 0.001136 seconds.
Begin MonoManager ReloadAssembly
Native extension for WindowsStandalone target not found
Refreshing native plugins compatible for Editor in 0.33 ms, found 0 plugins.
Preloading 0 native plugins for Editor in 0.00 ms.
Invoked RoslynAnalysisRunner static constructor.
RoslynAnalysisRunner will not be running.
RoslynAnalysisRunner has terminated.
Mono: successfully reloaded assembly
- Completed reload, in  1.394 seconds
Platform modules already initialized, skipping
Switching build target platform(5) subTarget(0) extendedPlatform(0) -> platform(13) subTarget(524288) extendedPlatform(0)
Refreshing native plugins compatible for Editor in 0.32 ms, found 0 plugins.
Preloading 0 native plugins for Editor in 0.00 ms.
Unloading 1436 Unused Serialized files (Serialized files now loaded: 0)
System memory in use before: 84.7 MB.
System memory in use after: 84.8 MB.

Unloading 7 unused Assets to reduce memory usage. Loaded Objects now: 1995.
Total: 2.314500 ms (FindLiveObjects: 0.196400 ms CreateObjectMapping: 0.065500 ms MarkObjects: 1.980000 ms  DeleteObjects: 0.070700 ms)

AssetImportParameters requested are different than current active one (requested -> active):
  custom:graphics/normal-map-encoding: 01000000000000000000000000000000 -> 02000000000000000000000000000000
========================================================================
Received Prepare
Registering precompiled user dll's ...
Registered in 0.000779 seconds.
Begin MonoManager ReloadAssembly
Native extension for WindowsStandalone target not found
Refreshing native plugins compatible for Editor in 0.32 ms, found 0 plugins.
Preloading 0 native plugins for Editor in 0.00 ms.
Invoked RoslynAnalysisRunner static constructor.
RoslynAnalysisRunner will not be running.
RoslynAnalysisRunner has terminated.
Mono: successfully reloaded assembly
- Completed reload, in  1.323 seconds
Platform modules already initialized, skipping
Switching build target platform(5) subTarget(0) extendedPlatform(0) -> platform(13) subTarget(524288) extendedPlatform(0)
Refreshing native plugins compatible for Editor in 0.30 ms, found 0 plugins.
Preloading 0 native plugins for Editor in 0.00 ms.
Unloading 1436 Unused Serialized files (Serialized files now loaded: 0)
System memory in use before: 84.7 MB.
System memory in use after: 84.8 MB.

Unloading 7 unused Assets to reduce memory usage. Loaded Objects now: 1999.
Total: 2.769800 ms (FindLiveObjects: 0.250000 ms CreateObjectMapping: 0.077200 ms MarkObjects: 2.306200 ms  DeleteObjects: 0.135200 ms)

AssetImportParameters requested are different than current active one (requested -> active):
  custom:graphics/normal-map-encoding: 01000000000000000000000000000000 -> 02000000000000000000000000000000
========================================================================
Received Import Request.
  Time since last request: 670.903469 seconds.
  path: Assets/Script/CatScript.cs
  artifactKey: Guid(eaade2b7b0641b440aa20a0b01580b7a) Importer(815301076,1909f56bfc062723c751e8b465ee728b)
Start importing Assets/Script/CatScript.cs using Guid(eaade2b7b0641b440aa20a0b01580b7a) Importer(815301076,1909f56bfc062723c751e8b465ee728b)  -> (artifact id: 'babbd4de90ef3e3bc2433627da930832') in 0.005231 seconds
  Import took 0.008718 seconds .

========================================================================
Received Import Request.
  Time since last request: 0.031765 seconds.
  path: Assets/Script/CatScript.cs
  artifactKey: Guid(eaade2b7b0641b440aa20a0b01580b7a) Importer(815301076,1909f56bfc062723c751e8b465ee728b)
Start importing Assets/Script/CatScript.cs using Guid(eaade2b7b0641b440aa20a0b01580b7a) Importer(815301076,1909f56bfc062723c751e8b465ee728b)  -> (artifact id: 'babbd4de90ef3e3bc2433627da930832') in 0.002847 seconds
  Import took 0.006103 seconds .

========================================================================
Received Prepare
Registering precompiled user dll's ...
Registered in 0.000895 seconds.
Begin MonoManager ReloadAssembly
Native extension for WindowsStandalone target not found
Refreshing native plugins compatible for Editor in 0.33 ms, found 0 plugins.
Preloading 0 native plugins for Editor in 0.00 ms.
Invoked RoslynAnalysisRunner static constructor.
RoslynAnalysisRunner will not be running.
RoslynAnalysisRunner has terminated.
Mono: successfully reloaded assembly
- Completed reload, in  1.522 seconds
Platform modules already initialized, skipping
Switching build target platform(5) subTarget(0) extendedPlatform(0) -> platform(13) subTarget(524288) extendedPlatform(0)
Refreshing native plugins compatible for Editor in 0.35 ms, found 0 plugins.
Preloading 0 native plugins for Editor in 0.00 ms.
Unloading 1436 Unused Serialized files (Serialized files now loaded: 0)
System memory in use before: 84.8 MB.
System memory in use after: 84.8 MB.

Unloading 7 unused Assets to reduce memory usage. Loaded Objects now: 2003.
Total: 2.542100 ms (FindLiveObjects: 0.234100 ms CreateObjectMapping: 0.070400 ms MarkObjects: 2.074400 ms  DeleteObjects: 0.160800 ms)

AssetImportParameters requested are different than current active one (requested -> active):
  custom:graphics/normal-map-encoding: 01000000000000000000000000000000 -> 02000000000000000000000000000000
========================================================================
Received Prepare
Registering precompiled user dll's ...
Registered in 0.000849 seconds.
Begin MonoManager ReloadAssembly
Native extension for WindowsStandalone target not found
Refreshing native plugins compatible for Editor in 0.33 ms, found 0 plugins.
Preloading 0 native plugins for Editor in 0.00 ms.
Invoked RoslynAnalysisRunner static constructor.
RoslynAnalysisRunner will not be running.
RoslynAnalysisRunner has terminated.
Mono: successfully reloaded assembly
- Completed reload, in  1.392 seconds
Platform modules already initialized, skipping
Switching build target platform(5) subTarget(0) extendedPlatform(0) -> platform(13) subTarget(524288) extendedPlatform(0)
Refreshing native plugins compatible for Editor in 0.30 ms, found 0 plugins.
Preloading 0 native plugins for Editor in 0.00 ms.
Unloading 1436 Unused Serialized files (Serialized files now loaded: 0)
System memory in use before: 84.8 MB.
System memory in use after: 84.8 MB.

Unloading 7 unused Assets to reduce memory usage. Loaded Objects now: 2007.
Total: 2.502500 ms (FindLiveObjects: 0.313800 ms CreateObjectMapping: 0.097200 ms MarkObjects: 2.021900 ms  DeleteObjects: 0.068100 ms)

AssetImportParameters requested are different than current active one (requested -> active):
  custom:graphics/normal-map-encoding: 01000000000000000000000000000000 -> 02000000000000000000000000000000
========================================================================
Received Prepare
Refreshing native plugins compatible for Editor in 1.20 ms, found 0 plugins.
Preloading 0 native plugins for Editor in 0.00 ms.
Unloading 4 Unused Serialized files (Serialized files now loaded: 0)
System memory in use before: 56.3 MB.
System memory in use after: 56.4 MB.

Unloading 3 unused Assets to reduce memory usage. Loaded Objects now: 2008.
Total: 4.010100 ms (FindLiveObjects: 0.321600 ms CreateObjectMapping: 0.097600 ms MarkObjects: 3.511200 ms  DeleteObjects: 0.077800 ms)

========================================================================
Received Prepare
Registering precompiled user dll's ...
Registered in 0.001036 seconds.
Begin MonoManager ReloadAssembly
Native extension for WindowsStandalone target not found
Refreshing native plugins compatible for Editor in 0.34 ms, found 0 plugins.
Preloading 0 native plugins for Editor in 0.00 ms.
Invoked RoslynAnalysisRunner static constructor.
RoslynAnalysisRunner will not be running.
RoslynAnalysisRunner has terminated.
Mono: successfully reloaded assembly
- Completed reload, in  1.464 seconds
Platform modules already initialized, skipping
Switching build target platform(5) subTarget(0) extendedPlatform(0) -> platform(13) subTarget(524288) extendedPlatform(0)
Refreshing native plugins compatible for Editor in 0.30 ms, found 0 plugins.
Preloading 0 native plugins for Editor in 0.00 ms.
Unloading 1435 Unused Serialized files (Serialized files now loaded: 0)
System memory in use before: 84.7 MB.
System memory in use after: 84.8 MB.

Unloading 6 unused Assets to reduce memory usage. Loaded Objects now: 2012.
Total: 2.711000 ms (FindLiveObjects: 0.290800 ms CreateObjectMapping: 0.101700 ms MarkObjects: 2.254400 ms  DeleteObjects: 0.063100 ms)

AssetImportParameters requested are different than current active one (requested -> active):
  custom:graphics/normal-map-encoding: 01000000000000000000000000000000 -> 02000000000000000000000000000000
========================================================================
Received Prepare
Refreshing native plugins compatible for Editor in 1.28 ms, found 0 plugins.
Preloading 0 native plugins for Editor in 0.00 ms.
Unloading 3 Unused Serialized files (Serialized files now loaded: 0)
System memory in use before: 56.3 MB.
System memory in use after: 56.4 MB.

Unloading 3 unused Assets to reduce memory usage. Loaded Objects now: 2012.
Total: 2.755500 ms (FindLiveObjects: 0.375700 ms CreateObjectMapping: 0.086600 ms MarkObjects: 2.221200 ms  DeleteObjects: 0.069100 ms)

========================================================================
Received Prepare
Refreshing native plugins compatible for Editor in 0.73 ms, found 0 plugins.
Preloading 0 native plugins for Editor in 0.00 ms.
Unloading 3 Unused Serialized files (Serialized files now loaded: 0)
System memory in use before: 56.3 MB.
System memory in use after: 56.4 MB.

Unloading 3 unused Assets to reduce memory usage. Loaded Objects now: 2012.
Total: 4.021900 ms (FindLiveObjects: 0.326200 ms CreateObjectMapping: 0.096700 ms MarkObjects: 3.520900 ms  DeleteObjects: 0.076500 ms)

========================================================================
Received Prepare
Registering precompiled user dll's ...
Registered in 0.000894 seconds.
Begin MonoManager ReloadAssembly
Native extension for WindowsStandalone target not found
Refreshing native plugins compatible for Editor in 0.38 ms, found 0 plugins.
Preloading 0 native plugins for Editor in 0.00 ms.
Invoked RoslynAnalysisRunner static constructor.
RoslynAnalysisRunner will not be running.
RoslynAnalysisRunner has terminated.
Mono: successfully reloaded assembly
- Completed reload, in  1.332 seconds
Platform modules already initialized, skipping
Switching build target platform(5) subTarget(0) extendedPlatform(0) -> platform(13) subTarget(524288) extendedPlatform(0)
Refreshing native plugins compatible for Editor in 0.31 ms, found 0 plugins.
Preloading 0 native plugins for Editor in 0.00 ms.
Unloading 1435 Unused Serialized files (Serialized files now loaded: 0)
System memory in use before: 84.7 MB.
System memory in use after: 84.8 MB.

Unloading 6 unused Assets to reduce memory usage. Loaded Objects now: 2016.
Total: 2.479100 ms (FindLiveObjects: 0.332200 ms CreateObjectMapping: 0.095700 ms MarkObjects: 1.983500 ms  DeleteObjects: 0.065900 ms)

AssetImportParameters requested are different than current active one (requested -> active):
  custom:graphics/normal-map-encoding: 01000000000000000000000000000000 -> 02000000000000000000000000000000
========================================================================
Received Prepare
Refreshing native plugins compatible for Editor in 0.91 ms, found 0 plugins.
Preloading 0 native plugins for Editor in 0.00 ms.
Unloading 3 Unused Serialized files (Serialized files now loaded: 0)
System memory in use before: 56.3 MB.
System memory in use after: 56.4 MB.

Unloading 3 unused Assets to reduce memory usage. Loaded Objects now: 2016.
Total: 3.106800 ms (FindLiveObjects: 0.317400 ms CreateObjectMapping: 0.073300 ms MarkObjects: 2.648400 ms  DeleteObjects: 0.065800 ms)

========================================================================
Received Prepare
Registering precompiled user dll's ...
Registered in 0.000979 seconds.
Begin MonoManager ReloadAssembly
Native extension for WindowsStandalone target not found
Refreshing native plugins compatible for Editor in 0.34 ms, found 0 plugins.
Preloading 0 native plugins for Editor in 0.00 ms.
Invoked RoslynAnalysisRunner static constructor.
RoslynAnalysisRunner will not be running.
RoslynAnalysisRunner has terminated.
Mono: successfully reloaded assembly
- Completed reload, in  1.399 seconds
Platform modules already initialized, skipping
Switching build target platform(5) subTarget(0) extendedPlatform(0) -> platform(13) subTarget(524288) extendedPlatform(0)
Refreshing native plugins compatible for Editor in 0.32 ms, found 0 plugins.
Preloading 0 native plugins for Editor in 0.00 ms.
Unloading 1435 Unused Serialized files (Serialized files now loaded: 0)
System memory in use before: 84.7 MB.
System memory in use after: 84.8 MB.

Unloading 6 unused Assets to reduce memory usage. Loaded Objects now: 2020.
Total: 3.086600 ms (FindLiveObjects: 0.320500 ms CreateObjectMapping: 0.094700 ms MarkObjects: 2.581200 ms  DeleteObjects: 0.088300 ms)

AssetImportParameters requested are different than current active one (requested -> active):
  custom:graphics/normal-map-encoding: 01000000000000000000000000000000 -> 02000000000000000000000000000000
========================================================================
Received Prepare
Refreshing native plugins compatible for Editor in 1.14 ms, found 0 plugins.
Preloading 0 native plugins for Editor in 0.00 ms.
Unloading 3 Unused Serialized files (Serialized files now loaded: 0)
System memory in use before: 56.3 MB.
System memory in use after: 56.4 MB.

Unloading 3 unused Assets to reduce memory usage. Loaded Objects now: 2020.
Total: 2.746700 ms (FindLiveObjects: 0.448900 ms CreateObjectMapping: 0.136500 ms MarkObjects: 2.093000 ms  DeleteObjects: 0.065900 ms)

========================================================================
Received Prepare
Refreshing native plugins compatible for Editor in 0.87 ms, found 0 plugins.
Preloading 0 native plugins for Editor in 0.00 ms.
Unloading 3 Unused Serialized files (Serialized files now loaded: 0)
System memory in use before: 56.3 MB.
System memory in use after: 56.4 MB.

Unloading 3 unused Assets to reduce memory usage. Loaded Objects now: 2020.
Total: 2.790000 ms (FindLiveObjects: 0.522200 ms CreateObjectMapping: 0.071300 ms MarkObjects: 2.129800 ms  DeleteObjects: 0.064700 ms)

========================================================================
Received Prepare
Registering precompiled user dll's ...
Registered in 0.001064 seconds.
Begin MonoManager ReloadAssembly
Native extension for WindowsStandalone target not found
Refreshing native plugins compatible for Editor in 0.37 ms, found 0 plugins.
Preloading 0 native plugins for Editor in 0.00 ms.
Invoked RoslynAnalysisRunner static constructor.
RoslynAnalysisRunner will not be running.
RoslynAnalysisRunner has terminated.
Mono: successfully reloaded assembly
- Completed reload, in  1.353 seconds
Platform modules already initialized, skipping
Switching build target platform(5) subTarget(0) extendedPlatform(0) -> platform(13) subTarget(524288) extendedPlatform(0)
Refreshing native plugins compatible for Editor in 0.43 ms, found 0 plugins.
Preloading 0 native plugins for Editor in 0.00 ms.
Unloading 1435 Unused Serialized files (Serialized files now loaded: 0)
System memory in use before: 84.7 MB.
System memory in use after: 84.8 MB.

Unloading 6 unused Assets to reduce memory usage. Loaded Objects now: 2024.
Total: 2.319100 ms (FindLiveObjects: 0.277500 ms CreateObjectMapping: 0.084400 ms MarkObjects: 1.896000 ms  DeleteObjects: 0.059900 ms)

AssetImportParameters requested are different than current active one (requested -> active):
  custom:graphics/normal-map-encoding: 01000000000000000000000000000000 -> 02000000000000000000000000000000
========================================================================
Received Prepare
Refreshing native plugins compatible for Editor in 0.99 ms, found 0 plugins.
Preloading 0 native plugins for Editor in 0.00 ms.
Unloading 3 Unused Serialized files (Serialized files now loaded: 0)
System memory in use before: 56.3 MB.
System memory in use after: 56.4 MB.

Unloading 3 unused Assets to reduce memory usage. Loaded Objects now: 2024.
Total: 2.100300 ms (FindLiveObjects: 0.261900 ms CreateObjectMapping: 0.075600 ms MarkObjects: 1.705600 ms  DeleteObjects: 0.055800 ms)

========================================================================
Received Prepare
Registering precompiled user dll's ...
Registered in 0.001446 seconds.
Begin MonoManager ReloadAssembly
Native extension for WindowsStandalone target not found
Refreshing native plugins compatible for Editor in 0.35 ms, found 0 plugins.
Preloading 0 native plugins for Editor in 0.00 ms.
Invoked RoslynAnalysisRunner static constructor.
RoslynAnalysisRunner will not be running.
RoslynAnalysisRunner has terminated.
Mono: successfully reloaded assembly
- Completed reload, in  1.362 seconds
Platform modules already initialized, skipping
Switching build target platform(5) subTarget(0) extendedPlatform(0) -> platform(13) subTarget(524288) extendedPlatform(0)
Refreshing native plugins compatible for Editor in 0.34 ms, found 0 plugins.
Preloading 0 native plugins for Editor in 0.00 ms.
Unloading 1435 Unused Serialized files (Serialized files now loaded: 0)
System memory in use before: 84.7 MB.
System memory in use after: 84.8 MB.

Unloading 6 unused Assets to reduce memory usage. Loaded Objects now: 2028.
Total: 2.210500 ms (FindLiveObjects: 0.345700 ms CreateObjectMapping: 0.116400 ms MarkObjects: 1.681900 ms  DeleteObjects: 0.064800 ms)

AssetImportParameters requested are different than current active one (requested -> active):
  custom:graphics/normal-map-encoding: 01000000000000000000000000000000 -> 02000000000000000000000000000000
========================================================================
Received Prepare
Refreshing native plugins compatible for Editor in 0.82 ms, found 0 plugins.
Preloading 0 native plugins for Editor in 0.00 ms.
Unloading 3 Unused Serialized files (Serialized files now loaded: 0)
System memory in use before: 56.3 MB.
System memory in use after: 56.4 MB.

Unloading 3 unused Assets to reduce memory usage. Loaded Objects now: 2028.
Total: 3.330700 ms (FindLiveObjects: 0.405800 ms CreateObjectMapping: 0.066900 ms MarkObjects: 2.767400 ms  DeleteObjects: 0.087600 ms)

========================================================================
Received Prepare
Registering precompiled user dll's ...
Registered in 0.000955 seconds.
Begin MonoManager ReloadAssembly
Native extension for WindowsStandalone target not found
Refreshing native plugins compatible for Editor in 0.52 ms, found 0 plugins.
Preloading 0 native plugins for Editor in 0.00 ms.
Invoked RoslynAnalysisRunner static constructor.
RoslynAnalysisRunner will not be running.
RoslynAnalysisRunner has terminated.
Mono: successfully reloaded assembly
- Completed reload, in  1.360 seconds
Platform modules already initialized, skipping
Switching build target platform(5) subTarget(0) extendedPlatform(0) -> platform(13) subTarget(524288) extendedPlatform(0)
Refreshing native plugins compatible for Editor in 0.31 ms, found 0 plugins.
Preloading 0 native plugins for Editor in 0.00 ms.
Unloading 1435 Unused Serialized files (Serialized files now loaded: 0)
System memory in use before: 84.7 MB.
System memory in use after: 84.8 MB.

Unloading 6 unused Assets to reduce memory usage. Loaded Objects now: 2032.
Total: 2.116400 ms (FindLiveObjects: 0.288600 ms CreateObjectMapping: 0.092200 ms MarkObjects: 1.675400 ms  DeleteObjects: 0.058800 ms)

AssetImportParameters requested are different than current active one (requested -> active):
  custom:graphics/normal-map-encoding: 01000000000000000000000000000000 -> 02000000000000000000000000000000
========================================================================
Received Prepare
Refreshing native plugins compatible for Editor in 0.87 ms, found 0 plugins.
Preloading 0 native plugins for Editor in 0.00 ms.
Unloading 3 Unused Serialized files (Serialized files now loaded: 0)
System memory in use before: 56.3 MB.
System memory in use after: 56.4 MB.

Unloading 3 unused Assets to reduce memory usage. Loaded Objects now: 2032.
Total: 3.435300 ms (FindLiveObjects: 0.328700 ms CreateObjectMapping: 0.101200 ms MarkObjects: 2.920000 ms  DeleteObjects: 0.083000 ms)

========================================================================
Received Prepare
Registering precompiled user dll's ...
Registered in 0.001051 seconds.
Begin MonoManager ReloadAssembly
Native extension for WindowsStandalone target not found
Refreshing native plugins compatible for Editor in 0.33 ms, found 0 plugins.
Preloading 0 native plugins for Editor in 0.00 ms.
Invoked RoslynAnalysisRunner static constructor.
RoslynAnalysisRunner will not be running.
RoslynAnalysisRunner has terminated.
Mono: successfully reloaded assembly
- Completed reload, in  1.404 seconds
Platform modules already initialized, skipping
Switching build target platform(5) subTarget(0) extendedPlatform(0) -> platform(13) subTarget(524288) extendedPlatform(0)
Refreshing native plugins compatible for Editor in 0.40 ms, found 0 plugins.
Preloading 0 native plugins for Editor in 0.00 ms.
Unloading 1435 Unused Serialized files (Serialized files now loaded: 0)
System memory in use before: 84.8 MB.
System memory in use after: 84.8 MB.

Unloading 6 unused Assets to reduce memory usage. Loaded Objects now: 2036.
Total: 2.095500 ms (FindLiveObjects: 0.222400 ms CreateObjectMapping: 0.059900 ms MarkObjects: 1.752700 ms  DeleteObjects: 0.059400 ms)

AssetImportParameters requested are different than current active one (requested -> active):
  custom:graphics/normal-map-encoding: 01000000000000000000000000000000 -> 02000000000000000000000000000000
========================================================================
Received Prepare
Refreshing native plugins compatible for Editor in 0.79 ms, found 0 plugins.
Preloading 0 native plugins for Editor in 0.00 ms.
Unloading 3 Unused Serialized files (Serialized files now loaded: 0)
System memory in use before: 56.3 MB.
System memory in use after: 56.4 MB.

Unloading 3 unused Assets to reduce memory usage. Loaded Objects now: 2036.
Total: 2.331700 ms (FindLiveObjects: 0.285400 ms CreateObjectMapping: 0.095300 ms MarkObjects: 1.888400 ms  DeleteObjects: 0.060700 ms)

========================================================================
Received Prepare
Registering precompiled user dll's ...
Registered in 0.001203 seconds.
Begin MonoManager ReloadAssembly
Native extension for WindowsStandalone target not found
Refreshing native plugins compatible for Editor in 0.38 ms, found 0 plugins.
Preloading 0 native plugins for Editor in 0.00 ms.
Invoked RoslynAnalysisRunner static constructor.
RoslynAnalysisRunner will not be running.
RoslynAnalysisRunner has terminated.
Mono: successfully reloaded assembly
- Completed reload, in  1.441 seconds
Platform modules already initialized, skipping
Switching build target platform(5) subTarget(0) extendedPlatform(0) -> platform(13) subTarget(524288) extendedPlatform(0)
Refreshing native plugins compatible for Editor in 0.31 ms, found 0 plugins.
Preloading 0 native plugins for Editor in 0.00 ms.
Unloading 1435 Unused Serialized files (Serialized files now loaded: 0)
System memory in use before: 84.8 MB.
System memory in use after: 84.8 MB.

Unloading 6 unused Assets to reduce memory usage. Loaded Objects now: 2040.
Total: 2.299000 ms (FindLiveObjects: 0.228800 ms CreateObjectMapping: 0.064000 ms MarkObjects: 1.936100 ms  DeleteObjects: 0.068800 ms)

AssetImportParameters requested are different than current active one (requested -> active):
  custom:graphics/normal-map-encoding: 01000000000000000000000000000000 -> 02000000000000000000000000000000
========================================================================
Received Prepare
Registering precompiled user dll's ...
Registered in 0.000887 seconds.
Begin MonoManager ReloadAssembly
Native extension for WindowsStandalone target not found
Refreshing native plugins compatible for Editor in 0.37 ms, found 0 plugins.
Preloading 0 native plugins for Editor in 0.00 ms.
Invoked RoslynAnalysisRunner static constructor.
RoslynAnalysisRunner will not be running.
RoslynAnalysisRunner has terminated.
Mono: successfully reloaded assembly
- Completed reload, in  1.796 seconds
Platform modules already initialized, skipping
Switching build target platform(5) subTarget(0) extendedPlatform(0) -> platform(13) subTarget(524288) extendedPlatform(0)
Refreshing native plugins compatible for Editor in 0.62 ms, found 0 plugins.
Preloading 0 native plugins for Editor in 0.00 ms.
Unloading 1435 Unused Serialized files (Serialized files now loaded: 0)
System memory in use before: 84.8 MB.
System memory in use after: 84.9 MB.

Unloading 6 unused Assets to reduce memory usage. Loaded Objects now: 2044.
Total: 4.387400 ms (FindLiveObjects: 0.384000 ms CreateObjectMapping: 0.114700 ms MarkObjects: 3.785000 ms  DeleteObjects: 0.100800 ms)

AssetImportParameters requested are different than current active one (requested -> active):
  custom:graphics/normal-map-encoding: 01000000000000000000000000000000 -> 02000000000000000000000000000000
========================================================================
Received Prepare
Refreshing native plugins compatible for Editor in 0.80 ms, found 0 plugins.
Preloading 0 native plugins for Editor in 0.00 ms.
Unloading 3 Unused Serialized files (Serialized files now loaded: 0)
System memory in use before: 56.3 MB.
System memory in use after: 56.4 MB.

Unloading 3 unused Assets to reduce memory usage. Loaded Objects now: 2044.
Total: 4.613700 ms (FindLiveObjects: 0.220200 ms CreateObjectMapping: 0.061400 ms MarkObjects: 4.251000 ms  DeleteObjects: 0.079400 ms)

========================================================================
Received Prepare
Registering precompiled user dll's ...
Registered in 0.000659 seconds.
Begin MonoManager ReloadAssembly
Native extension for WindowsStandalone target not found
Refreshing native plugins compatible for Editor in 0.32 ms, found 0 plugins.
Preloading 0 native plugins for Editor in 0.00 ms.
Invoked RoslynAnalysisRunner static constructor.
RoslynAnalysisRunner will not be running.
RoslynAnalysisRunner has terminated.
Mono: successfully reloaded assembly
- Completed reload, in  1.441 seconds
Platform modules already initialized, skipping
Switching build target platform(5) subTarget(0) extendedPlatform(0) -> platform(13) subTarget(524288) extendedPlatform(0)
Refreshing native plugins compatible for Editor in 0.31 ms, found 0 plugins.
Preloading 0 native plugins for Editor in 0.00 ms.
Unloading 1435 Unused Serialized files (Serialized files now loaded: 0)
System memory in use before: 84.8 MB.
System memory in use after: 84.9 MB.

Unloading 6 unused Assets to reduce memory usage. Loaded Objects now: 2048.
Total: 2.334600 ms (FindLiveObjects: 0.330600 ms CreateObjectMapping: 0.094900 ms MarkObjects: 1.844800 ms  DeleteObjects: 0.062200 ms)

AssetImportParameters requested are different than current active one (requested -> active):
  custom:graphics/normal-map-encoding: 01000000000000000000000000000000 -> 02000000000000000000000000000000
========================================================================
Received Import Request.
  Time since last request: 3599.825870 seconds.
  path: Assets/Script/CatInit.cs
  artifactKey: Guid(d5b0c55a6c1db45499d865073d535619) Importer(815301076,1909f56bfc062723c751e8b465ee728b)
Start importing Assets/Script/CatInit.cs using Guid(d5b0c55a6c1db45499d865073d535619) Importer(815301076,1909f56bfc062723c751e8b465ee728b)  -> (artifact id: '693304684d6038fb9fb1efd69ea5cdfb') in 0.012665 seconds
  Import took 0.016983 seconds .

========================================================================
Received Prepare
Registering precompiled user dll's ...
Registered in 0.000922 seconds.
Begin MonoManager ReloadAssembly
Native extension for WindowsStandalone target not found
Refreshing native plugins compatible for Editor in 0.34 ms, found 0 plugins.
Preloading 0 native plugins for Editor in 0.00 ms.
Invoked RoslynAnalysisRunner static constructor.
RoslynAnalysisRunner will not be running.
RoslynAnalysisRunner has terminated.
Mono: successfully reloaded assembly
- Completed reload, in  1.671 seconds
Platform modules already initialized, skipping
Switching build target platform(5) subTarget(0) extendedPlatform(0) -> platform(13) subTarget(524288) extendedPlatform(0)
Refreshing native plugins compatible for Editor in 0.29 ms, found 0 plugins.
Preloading 0 native plugins for Editor in 0.00 ms.
Unloading 1436 Unused Serialized files (Serialized files now loaded: 0)
System memory in use before: 84.8 MB.
System memory in use after: 84.9 MB.

Unloading 6 unused Assets to reduce memory usage. Loaded Objects now: 2053.
Total: 2.780800 ms (FindLiveObjects: 0.643800 ms CreateObjectMapping: 0.149900 ms MarkObjects: 1.924600 ms  DeleteObjects: 0.059500 ms)

AssetImportParameters requested are different than current active one (requested -> active):
  custom:graphics/normal-map-encoding: 01000000000000000000000000000000 -> 02000000000000000000000000000000
========================================================================
Received Prepare
Registering precompiled user dll's ...
Registered in 0.001082 seconds.
Begin MonoManager ReloadAssembly
Native extension for WindowsStandalone target not found
Refreshing native plugins compatible for Editor in 0.38 ms, found 0 plugins.
Preloading 0 native plugins for Editor in 0.00 ms.
Invoked RoslynAnalysisRunner static constructor.
RoslynAnalysisRunner will not be running.
RoslynAnalysisRunner has terminated.
Mono: successfully reloaded assembly
- Completed reload, in  1.490 seconds
Platform modules already initialized, skipping
Switching build target platform(5) subTarget(0) extendedPlatform(0) -> platform(13) subTarget(524288) extendedPlatform(0)
Refreshing native plugins compatible for Editor in 0.31 ms, found 0 plugins.
Preloading 0 native plugins for Editor in 0.00 ms.
Unloading 1436 Unused Serialized files (Serialized files now loaded: 0)
System memory in use before: 84.8 MB.
System memory in use after: 84.9 MB.

Unloading 6 unused Assets to reduce memory usage. Loaded Objects now: 2057.
Total: 2.373300 ms (FindLiveObjects: 0.292300 ms CreateObjectMapping: 0.087300 ms MarkObjects: 1.919800 ms  DeleteObjects: 0.072400 ms)

AssetImportParameters requested are different than current active one (requested -> active):
  custom:graphics/normal-map-encoding: 01000000000000000000000000000000 -> 02000000000000000000000000000000
========================================================================
Received Import Request.
  Time since last request: 103.179358 seconds.
  path: Assets/Script/CatInit.cs
  artifactKey: Guid(d5b0c55a6c1db45499d865073d535619) Importer(815301076,1909f56bfc062723c751e8b465ee728b)
Start importing Assets/Script/CatInit.cs using Guid(d5b0c55a6c1db45499d865073d535619) Importer(815301076,1909f56bfc062723c751e8b465ee728b)  -> (artifact id: '8a15ba80a716b5c0196654c11637f1c6') in 0.005924 seconds
  Import took 0.008928 seconds .

========================================================================
Received Import Request.
  Time since last request: 11.010675 seconds.
  path: Assets/Prefabs/Cat Lite.prefab
  artifactKey: Guid(78060b08dce9bf2489882dc0347907ab) Importer(815301076,1909f56bfc062723c751e8b465ee728b)
Start importing Assets/Prefabs/Cat Lite.prefab using Guid(78060b08dce9bf2489882dc0347907ab) Importer(815301076,1909f56bfc062723c751e8b465ee728b)  -> (artifact id: 'c776cdc2793dc7eb4528716a3f1b5788') in 0.121655 seconds
  Import took 0.128221 seconds .

========================================================================
Received Import Request.
  Time since last request: 29.806206 seconds.
  path: Assets/Prefabs/Cat Lite.prefab
  artifactKey: Guid(78060b08dce9bf2489882dc0347907ab) Importer(815301076,1909f56bfc062723c751e8b465ee728b)
Start importing Assets/Prefabs/Cat Lite.prefab using Guid(78060b08dce9bf2489882dc0347907ab) Importer(815301076,1909f56bfc062723c751e8b465ee728b)  -> (artifact id: '8718f4dfd7ea35fe1523d17325e7cf73') in 0.071354 seconds
  Import took 0.075202 seconds .

========================================================================
Received Import Request.
  Time since last request: 1.800487 seconds.
  path: Assets/Prefabs/Cat Lite.prefab
  artifactKey: Guid(78060b08dce9bf2489882dc0347907ab) Importer(815301076,1909f56bfc062723c751e8b465ee728b)
Start importing Assets/Prefabs/Cat Lite.prefab using Guid(78060b08dce9bf2489882dc0347907ab) Importer(815301076,1909f56bfc062723c751e8b465ee728b)  -> (artifact id: '92bed1d835d3fdd62b8e41066ca46cc9') in 0.056691 seconds
  Import took 0.062935 seconds .

========================================================================
Received Import Request.
  Time since last request: 27.615944 seconds.
  path: Assets/Prefabs/Cat Lite.prefab
  artifactKey: Guid(78060b08dce9bf2489882dc0347907ab) Importer(815301076,1909f56bfc062723c751e8b465ee728b)
Start importing Assets/Prefabs/Cat Lite.prefab using Guid(78060b08dce9bf2489882dc0347907ab) Importer(815301076,1909f56bfc062723c751e8b465ee728b)  -> (artifact id: '08932817313f64ba253d72ee9ec55872') in 0.058085 seconds
  Import took 0.062080 seconds .

========================================================================
Received Prepare
Refreshing native plugins compatible for Editor in 1.23 ms, found 0 plugins.
Preloading 0 native plugins for Editor in 0.00 ms.
Unloading 3 Unused Serialized files (Serialized files now loaded: 0)
System memory in use before: 57.5 MB.
System memory in use after: 57.6 MB.

Unloading 3 unused Assets to reduce memory usage. Loaded Objects now: 2058.
Total: 5.755600 ms (FindLiveObjects: 0.934500 ms CreateObjectMapping: 0.150700 ms MarkObjects: 4.583400 ms  DeleteObjects: 0.084500 ms)

========================================================================
Received Prepare
Registering precompiled user dll's ...
Registered in 0.001060 seconds.
Begin MonoManager ReloadAssembly
Native extension for WindowsStandalone target not found
Refreshing native plugins compatible for Editor in 0.76 ms, found 0 plugins.
Preloading 0 native plugins for Editor in 0.00 ms.
Invoked RoslynAnalysisRunner static constructor.
RoslynAnalysisRunner will not be running.
RoslynAnalysisRunner has terminated.
Mono: successfully reloaded assembly
- Completed reload, in  1.635 seconds
Platform modules already initialized, skipping
Switching build target platform(5) subTarget(0) extendedPlatform(0) -> platform(13) subTarget(524288) extendedPlatform(0)
Refreshing native plugins compatible for Editor in 0.30 ms, found 0 plugins.
Preloading 0 native plugins for Editor in 0.00 ms.
Unloading 1436 Unused Serialized files (Serialized files now loaded: 0)
System memory in use before: 84.9 MB.
System memory in use after: 84.9 MB.

Unloading 6 unused Assets to reduce memory usage. Loaded Objects now: 2062.
Total: 3.381300 ms (FindLiveObjects: 0.354600 ms CreateObjectMapping: 0.128300 ms MarkObjects: 2.807600 ms  DeleteObjects: 0.089400 ms)

AssetImportParameters requested are different than current active one (requested -> active):
  custom:graphics/normal-map-encoding: 01000000000000000000000000000000 -> 02000000000000000000000000000000
========================================================================
Received Prepare
Registering precompiled user dll's ...
Registered in 0.001089 seconds.
Begin MonoManager ReloadAssembly
Native extension for WindowsStandalone target not found
Refreshing native plugins compatible for Editor in 0.88 ms, found 0 plugins.
Preloading 0 native plugins for Editor in 0.00 ms.
Invoked RoslynAnalysisRunner static constructor.
RoslynAnalysisRunner will not be running.
RoslynAnalysisRunner has terminated.
Mono: successfully reloaded assembly
- Completed reload, in  1.460 seconds
Platform modules already initialized, skipping
Switching build target platform(5) subTarget(0) extendedPlatform(0) -> platform(13) subTarget(524288) extendedPlatform(0)
Refreshing native plugins compatible for Editor in 0.32 ms, found 0 plugins.
Preloading 0 native plugins for Editor in 0.00 ms.
Unloading 1436 Unused Serialized files (Serialized files now loaded: 0)
System memory in use before: 84.9 MB.
System memory in use after: 85.0 MB.

Unloading 6 unused Assets to reduce memory usage. Loaded Objects now: 2066.
Total: 2.349900 ms (FindLiveObjects: 0.237700 ms CreateObjectMapping: 0.058400 ms MarkObjects: 1.987000 ms  DeleteObjects: 0.065700 ms)

AssetImportParameters requested are different than current active one (requested -> active):
  custom:graphics/normal-map-encoding: 01000000000000000000000000000000 -> 02000000000000000000000000000000
========================================================================
Received Prepare
Refreshing native plugins compatible for Editor in 0.82 ms, found 0 plugins.
Preloading 0 native plugins for Editor in 0.00 ms.
Unloading 3 Unused Serialized files (Serialized files now loaded: 0)
System memory in use before: 56.4 MB.
System memory in use after: 56.5 MB.

Unloading 3 unused Assets to reduce memory usage. Loaded Objects now: 2066.
Total: 3.560100 ms (FindLiveObjects: 0.380400 ms CreateObjectMapping: 0.129100 ms MarkObjects: 2.963700 ms  DeleteObjects: 0.084700 ms)

========================================================================
Received Import Request.
  Time since last request: 836.507704 seconds.
  path: Assets/Script/CatInit.cs
  artifactKey: Guid(d5b0c55a6c1db45499d865073d535619) Importer(815301076,1909f56bfc062723c751e8b465ee728b)
Start importing Assets/Script/CatInit.cs using Guid(d5b0c55a6c1db45499d865073d535619) Importer(815301076,1909f56bfc062723c751e8b465ee728b)  -> (artifact id: 'd77f2661b093e08599c0a9bd72c4822d') in 0.004640 seconds
  Import took 0.008385 seconds .

========================================================================
Received Import Request.
  Time since last request: 0.003045 seconds.
  path: Assets/Script/CatInit.cs
  artifactKey: Guid(d5b0c55a6c1db45499d865073d535619) Importer(815301076,1909f56bfc062723c751e8b465ee728b)
Start importing Assets/Script/CatInit.cs using Guid(d5b0c55a6c1db45499d865073d535619) Importer(815301076,1909f56bfc062723c751e8b465ee728b)  -> (artifact id: 'd77f2661b093e08599c0a9bd72c4822d') in 0.004306 seconds
  Import took 0.007687 seconds .

AssetImportWorkerClient::OnTransportError - code=2 error=End of file
